company_id,year,computed_roce,source_roce,difference,reason
ABB,Dec 2012,22.27122381477398,202.0,179.72877618522602,ROCE variance
ABB,Mar 2014,23.44161545215101,267.0,243.558384547849,ROCE variance
ABB,Mar 2015,22.707423580786028,312.0,289.29257641921396,ROCE variance
ABB,Mar 2016,22.58663366336634,365.0,342.41336633663366,ROCE variance
ABB,Mar 2017,19.26427879961278,398.0,378.7357212003872,ROCE variance
ABB,Mar 2018,21.730132450331126,525.0,503.2698675496689,ROCE variance
ABB,Mar 2019,20.571234274056444,605.0,584.4287657259435,ROCE variance
ABB,Mar 2020,21.341979137299123,757.0,735.6580208627008,ROCE variance
ABB,Mar 2021,24.010416666666668,922.0,897.9895833333334,ROCE variance
ABB,Mar 2022,25.615530303030305,1082.0,1056.3844696969697,ROCE variance
ABB,Mar 2023,26.47058823529412,1206.0,1179.5294117647059,ROCE variance
ABB,Mar 2024,27.979973040631616,1453.0,1425.0200269593684,ROCE variance
ADANIENSOL,Mar 2015,0.8788722589627568,101.0,100.12112774103724,ROCE variance
ADANIENSOL,Mar 2016,16.405584879959136,1927.0,1910.5944151200408,ROCE variance
ADANIENSOL,Mar 2017,15.478885332917026,1983.0,1967.5211146670829,ROCE variance
ADANIENSOL,Mar 2018,16.36837532580365,2826.0,2809.6316246741962,ROCE variance
ADANIENSOL,Mar 2019,8.532465139136312,2778.0,2769.467534860864,ROCE variance
ADANIENSOL,Mar 2020,10.722469844627433,4258.0,4247.277530155373,ROCE variance
ADANIENSOL,Mar 2021,9.136327890086505,3950.0,3940.8636721099133,ROCE variance
ADANIENSOL,Mar 2022,8.861452890611831,4206.0,4197.138547109388,ROCE variance
ADANIENSOL,Mar 2023,8.37721575317066,4518.0,4509.62278424683,ROCE variance
ADANIENSOL,Mar 2024,9.756055895315862,5711.0,5701.2439441046845,ROCE variance
ADANIENT,Mar 2013,5.38209187367593,6021.0,6015.617908126324,ROCE variance
ADANIENT,Mar 2014,7.94482735262739,9383.0,9375.055172647373,ROCE variance
ADANIENT,Mar 2015,9.524319527532551,12450.0,12440.475680472468,ROCE variance
ADANIENT,Mar 2016,4.040404040404041,1684.0,1679.959595959596,ROCE variance
ADANIENT,Mar 2017,3.994875133897629,1902.0,1898.0051248661023,ROCE variance
ADANIENT,Mar 2018,3.6131548621576104,2038.0,2034.3868451378423,ROCE variance
ADANIENT,Mar 2019,4.6290201241301485,1969.0,1964.3709798758698,ROCE variance
ADANIENT,Mar 2020,4.893866666666667,2294.0,2289.106133333333,ROCE variance
ADANIENT,Mar 2021,4.854989635197706,2506.0,2501.145010364802,ROCE variance
ADANIENT,Mar 2022,3.6560155926997817,3714.0,3710.3439844073,ROCE variance
ADANIENT,Mar 2023,6.241594586559832,8818.0,8811.75840541344,ROCE variance
ADANIENT,Mar 2024,7.084677369135541,11377.0,11369.915322630864,ROCE variance
ADANIGREEN,Mar 2017,6.542207792207792,403.0,396.4577922077922,ROCE variance
ADANIGREEN,Mar 2018,5.3663504997135405,843.0,837.6336495002864,ROCE variance
ADANIGREEN,Mar 2019,10.410697230181471,1526.0,1515.5893027698185,ROCE variance
ADANIGREEN,Mar 2020,7.870169344333478,1450.0,1442.1298306556664,ROCE variance
ADANIGREEN,Mar 2021,7.810539523212046,2241.0,2233.189460476788,ROCE variance
ADANIGREEN,Mar 2022,5.957186959324219,3512.0,3506.042813040676,ROCE variance
ADANIGREEN,Mar 2023,7.427999222825031,4970.0,4962.572000777175,ROCE variance
ADANIGREEN,Mar 2024,8.30779011420657,7318.0,7309.692209885793,ROCE variance
ADANIPORTS,Mar 2013,11.323983836463038,2382.0,2370.676016163537,ROCE variance
ADANIPORTS,Mar 2014,11.828828463751671,2919.0,2907.1711715362485,ROCE variance
ADANIPORTS,Mar 2015,12.162583380088524,3902.0,3889.8374166199114,ROCE variance
ADANIPORTS,Mar 2016,11.92392861794972,4577.0,4565.07607138205,ROCE variance
ADANIPORTS,Mar 2017,12.49279439230787,5418.0,5405.507205607692,ROCE variance
ADANIPORTS,Mar 2018,15.152541655198695,7157.0,7141.847458344801,ROCE variance
ADANIPORTS,Mar 2019,11.713519561009395,6596.0,6584.286480438991,ROCE variance
ADANIPORTS,Mar 2020,9.604793513897638,5947.0,5937.395206486102,ROCE variance
ADANIPORTS,Mar 2021,11.648923332707623,8688.0,8676.351076667292,ROCE variance
ADANIPORTS,Mar 2022,9.690017085672444,9528.0,9518.309982914328,ROCE variance
ADANIPORTS,Mar 2023,9.725220543162495,10947.0,10937.274779456837,ROCE variance
ADANIPORTS,Mar 2024,13.324045504662433,15589.0,15575.675954495338,ROCE variance
ADANIPORTS,Mar 2013,11.323983836463038,2382.0,2370.676016163537,ROCE variance
ADANIPORTS,Mar 2014,11.828828463751671,2919.0,2907.1711715362485,ROCE variance
ADANIPORTS,Mar 2015,12.162583380088524,3902.0,3889.8374166199114,ROCE variance
ADANIPORTS,Mar 2016,11.92392861794972,4577.0,4565.07607138205,ROCE variance
ADANIPORTS,Mar 2017,12.49279439230787,5418.0,5405.507205607692,ROCE variance
ADANIPORTS,Mar 2018,15.152541655198695,7157.0,7141.847458344801,ROCE variance
ADANIPORTS,Mar 2019,11.713519561009395,6596.0,6584.286480438991,ROCE variance
ADANIPORTS,Mar 2020,9.604793513897638,5947.0,5937.395206486102,ROCE variance
ADANIPORTS,Mar 2021,11.648923332707623,8688.0,8676.351076667292,ROCE variance
ADANIPORTS,Mar 2022,9.690017085672444,9528.0,9518.309982914328,ROCE variance
ADANIPORTS,Mar 2023,9.725220543162495,10947.0,10937.274779456837,ROCE variance
ADANIPORTS,Mar 2024,13.324045504662433,15589.0,15575.675954495338,ROCE variance
ADANIPOWER,Mar 2013,1.7554125219426564,960.0,958.2445874780574,ROCE variance
ADANIPOWER,Mar 2014,7.819336386387238,4593.0,4585.1806636136125,ROCE variance
ADANIPOWER,Mar 2015,8.000136812942504,4678.0,4669.999863187058,ROCE variance
ADANIPOWER,Mar 2016,11.613056442462465,8802.0,8790.386943557538,ROCE variance
ADANIPOWER,Mar 2017,8.36234984827509,5980.0,5971.637650151725,ROCE variance
ADANIPOWER,Mar 2018,7.818432861580946,5436.0,5428.181567138419,ROCE variance
ADANIPOWER,Mar 2019,7.32955799073325,4983.0,4975.6704420092665,ROCE variance
ADANIPOWER,Mar 2020,7.642785738087304,5734.0,5726.357214261912,ROCE variance
ADANIPOWER,Mar 2021,11.024541278582848,8688.0,8676.975458721417,ROCE variance
ADANIPOWER,Mar 2022,12.052792720264453,9881.0,9868.947207279736,ROCE variance
ADANIPOWER,Mar 2023,11.764020461192482,10096.0,10084.235979538807,ROCE variance
ADANIPOWER,Mar 2024,19.811105435337847,18228.0,18208.18889456466,ROCE variance
AMBUJACEM,Dec 2012,20.032401782098017,2473.0,2452.967598217902,ROCE variance
AMBUJACEM,Dec 2013,12.882062364927446,1669.0,1656.1179376350726,ROCE variance
AMBUJACEM,Dec 2014,13.93572560887736,1934.0,1920.0642743911226,ROCE variance
AMBUJACEM,Dec 2015,10.910634684780302,1542.0,1531.0893653152198,ROCE variance
AMBUJACEM,Dec 2016,9.691079697782111,3181.0,3171.3089203022178,ROCE variance
AMBUJACEM,Dec 2017,10.864851164493508,3858.0,3847.1351488355067,ROCE variance
AMBUJACEM,Dec 2018,10.727180337514374,4011.0,4000.2728196624857,ROCE variance
AMBUJACEM,Dec 2019,11.441584946985913,4597.0,4585.558415053014,ROCE variance
AMBUJACEM,Dec 2020,12.603857193212145,5006.0,4993.396142806788,ROCE variance
AMBUJACEM,Dec 2021,13.737418427165139,6210.0,6196.262581572835,ROCE variance
AMBUJACEM,Mar 2024,9.806775869202127,6400.0,6390.193224130798,ROCE variance
APOLLOHOSP,Mar 2013,12.71292064810968,612.0,599.2870793518903,ROCE variance
APOLLOHOSP,Mar 2014,12.635514018691588,676.0,663.3644859813085,ROCE variance
APOLLOHOSP,Mar 2015,11.410435051865614,737.0,725.5895649481344,ROCE variance
APOLLOHOSP,Mar 2016,9.293478260869566,684.0,674.7065217391304,ROCE variance
APOLLOHOSP,Mar 2017,9.058373441935085,734.0,724.941626558065,ROCE variance
APOLLOHOSP,Mar 2018,9.318287575616566,801.0,791.6817124243835,ROCE variance
APOLLOHOSP,Mar 2019,11.673576260091643,1070.0,1058.3264237399083,ROCE variance
APOLLOHOSP,Mar 2020,14.093365222783241,1591.0,1576.9066347772168,ROCE variance
APOLLOHOSP,Mar 2021,10.007022471910112,1140.0,1129.9929775280898,ROCE variance
APOLLOHOSP,Mar 2022,16.50705075032049,2189.0,2172.4929492496794,ROCE variance
APOLLOHOSP,Mar 2023,14.324361820199776,2065.0,2050.6756381798004,ROCE variance
APOLLOHOSP,Mar 2024,14.299366861784732,2394.0,2379.7006331382154,ROCE variance
ASIANPAINT,Mar 2013,25.60436320754717,1737.0,1711.395636792453,ROCE variance
ASIANPAINT,Mar 2013,25.60436320754717,1737.0,1711.395636792453,ROCE variance
ASIANPAINT,Mar 2014,24.81733746130031,2004.0,1979.1826625386998,ROCE variance
ASIANPAINT,Mar 2014,24.81733746130031,2004.0,1979.1826625386998,ROCE variance
ASIANPAINT,Mar 2015,25.16266547004712,2243.0,2217.837334529953,ROCE variance
ASIANPAINT,Mar 2015,25.16266547004712,2243.0,2217.837334529953,ROCE variance
ASIANPAINT,Mar 2016,25.80736812198125,2725.0,2699.192631878019,ROCE variance
ASIANPAINT,Mar 2016,25.80736812198125,2725.0,2699.192631878019,ROCE variance
ASIANPAINT,Mar 2017,24.135429262394194,2994.0,2969.864570737606,ROCE variance
ASIANPAINT,Mar 2017,24.135429262394194,2994.0,2969.864570737606,ROCE variance
ASIANPAINT,Mar 2018,23.27980818135581,3204.0,3180.7201918186443,ROCE variance
ASIANPAINT,Mar 2018,23.27980818135581,3204.0,3180.7201918186443,ROCE variance
ASIANPAINT,Mar 2019,23.170656655794204,3765.0,3741.829343344206,ROCE variance
ASIANPAINT,Mar 2019,23.170656655794204,3765.0,3741.829343344206,ROCE variance
ASIANPAINT,Mar 2020,25.75907795265832,4157.0,4131.240922047342,ROCE variance
ASIANPAINT,Mar 2020,25.75907795265832,4157.0,4131.240922047342,ROCE variance
ASIANPAINT,Mar 2021,23.85654630311963,4856.0,4832.14345369688,ROCE variance
ASIANPAINT,Mar 2021,23.85654630311963,4856.0,4832.14345369688,ROCE variance
ASIANPAINT,Mar 2022,20.925167697534626,4804.0,4783.074832302465,ROCE variance
ASIANPAINT,Mar 2022,20.925167697534626,4804.0,4783.074832302465,ROCE variance
ASIANPAINT,Mar 2023,24.283331393770123,6260.0,6235.71666860623,ROCE variance
ASIANPAINT,Mar 2023,24.283331393770123,6260.0,6235.71666860623,ROCE variance
ASIANPAINT,Mar 2024,25.367044580448816,7585.0,7559.632955419551,ROCE variance
ASIANPAINT,Mar 2024,25.367044580448816,7585.0,7559.632955419551,ROCE variance
ATGL,Mar 2018,13.057438458794149,366.0,352.94256154120586,ROCE variance
ATGL,Mar 2019,22.216796875,455.0,432.783203125,ROCE variance
ATGL,Mar 2020,24.03069466882068,595.0,570.9693053311793,ROCE variance
ATGL,Mar 2021,21.972534332084894,704.0,682.0274656679151,ROCE variance
ATGL,Mar 2022,17.50849377123443,773.0,755.4915062287656,ROCE variance
ATGL,Mar 2023,15.411868910540303,870.0,854.5881310894597,ROCE variance
ATGL,Mar 2024,16.74757281553398,1104.0,1087.2524271844661,ROCE variance
BAJAJ-AUTO,Mar 2013,28.91947476665085,3656.0,3627.0805252333494,ROCE variance
BAJAJ-AUTO,Mar 2014,27.1949307551607,4163.0,4135.80506924484,ROCE variance
BAJAJ-AUTO,Mar 2015,25.854941751221343,4128.0,4102.145058248779,ROCE variance
BAJAJ-AUTO,Mar 2016,27.801624129930396,4793.0,4765.19837587007,ROCE variance
BAJAJ-AUTO,Mar 2017,20.468620020334598,4429.0,4408.531379979665,ROCE variance
BAJAJ-AUTO,Mar 2018,19.275287379181417,4846.0,4826.7247126208185,ROCE variance
BAJAJ-AUTO,Mar 2019,18.02732884788791,5198.0,5179.9726711521125,ROCE variance
BAJAJ-AUTO,Mar 2020,19.27197284043757,5109.0,5089.728027159563,ROCE variance
BAJAJ-AUTO,Mar 2021,14.695553836081185,4938.0,4923.304446163919,ROCE variance
BAJAJ-AUTO,Mar 2022,14.978211956366952,5259.0,5244.021788043633,ROCE variance
BAJAJ-AUTO,Mar 2023,18.39993169398907,6465.0,6446.600068306011,ROCE variance
BAJAJ-AUTO,Mar 2024,22.277856852379017,8765.0,8742.722143147621,ROCE variance
AXISBANK,Mar 2013,2.4409938982493435,8313.0,8310.55900610175,ROCE variance
AXISBANK,Mar 2014,2.496182218195936,9644.0,9641.503817781804,ROCE variance
AXISBANK,Mar 2015,2.381416093981076,11127.0,11124.618583906018,ROCE variance
AXISBANK,Mar 2016,2.4464344869112917,13367.0,13364.553565513088,ROCE variance
AXISBANK,Mar 2017,3.893618900275078,23808.0,23804.106381099726,ROCE variance
AXISBANK,Mar 2018,4.1061356850830535,28895.0,28890.893864314916,ROCE variance
AXISBANK,Mar 2019,3.3358065760411573,27155.0,27151.66419342396,ROCE variance
AXISBANK,Mar 2020,3.779185060008277,35066.0,35062.22081493999,ROCE variance
AXISBANK,Mar 2021,3.171712429008846,31749.0,31745.828287570992,ROCE variance
AXISBANK,Mar 2022,2.505646946467533,29962.0,29959.49435305353,ROCE variance
AXISBANK,Mar 2023,2.1636871865744136,29089.0,29086.836312813426,ROCE variance
AXISBANK,Mar 2024,2.4991453914699857,37943.0,37940.50085460853,ROCE variance
BAJAJFINSV,Mar 2013,6.0134618326449445,3931.0,3924.986538167355,ROCE variance
BAJAJFINSV,Mar 2014,6.037669897691677,4491.0,4484.962330102308,ROCE variance
BAJAJFINSV,Mar 2015,6.246316362152605,5511.0,5504.753683637848,ROCE variance
BAJAJFINSV,Mar 2016,6.482862117728545,6739.0,6732.5171378822715,ROCE variance
BAJAJFINSV,Mar 2017,6.774534654081204,8713.0,8706.225465345919,ROCE variance
BAJAJFINSV,Mar 2018,6.679297150711394,10788.0,10781.320702849289,ROCE variance
BAJAJFINSV,Mar 2019,7.214481739497572,15037.0,15029.785518260502,ROCE variance
BAJAJFINSV,Mar 2020,7.265304173431382,18258.0,18250.73469582657,ROCE variance
BAJAJFINSV,Mar 2021,7.01852811377727,19641.0,19633.98147188622,ROCE variance
BAJAJFINSV,Mar 2022,6.434962044071467,21455.0,21448.56503795593,ROCE variance
BAJAJFINSV,Mar 2023,7.367520060384656,29868.0,29860.632479939617,ROCE variance
BAJAJFINSV,Mar 2024,7.607900784310077,40886.0,40878.39209921569,ROCE variance
BAJAJHLDNG,Mar 2013,2.988399071925754,322.0,319.01160092807424,ROCE variance
BAJAJHLDNG,Mar 2014,3.2133676092544987,400.0,396.7866323907455,ROCE variance
BAJAJHLDNG,Mar 2015,3.483768804433888,484.0,480.5162311955661,ROCE variance
BAJAJHLDNG,Mar 2016,2.7727507755946226,429.0,426.2272492244054,ROCE variance
BAJAJHLDNG,Mar 2017,3.5105372016322884,628.0,624.4894627983678,ROCE variance
BAJAJHLDNG,Mar 2018,1.4048834540345878,355.0,353.5951165459654,ROCE variance
BAJAJHLDNG,Mar 2019,1.2848045023696681,347.0,345.7151954976303,ROCE variance
BAJAJHLDNG,Mar 2020,0.9196736838889059,301.0,300.0803263161111,ROCE variance
BAJAJHLDNG,Mar 2021,0.7737964387777533,352.0,351.22620356122223,ROCE variance
BAJAJHLDNG,Mar 2022,0.6848548182428902,367.0,366.3151451817571,ROCE variance
BAJAJHLDNG,Mar 2023,0.7144468677145221,380.0,379.2855531322855,ROCE variance
BAJAJHLDNG,Mar 2024,2.397139393195316,1562.0,1559.6028606068046,ROCE variance
BAJFINANCE,Mar 2015,5.344722391702258,1752.0,1746.6552776082976,ROCE variance
BAJFINANCE,Mar 2016,5.0113895216400905,2354.0,2348.98861047836,ROCE variance
BAJFINANCE,Mar 2017,5.099559084276098,3250.0,3244.9004409157237,ROCE variance
BAJFINANCE,Mar 2018,4.852708790301659,4115.0,4110.147291209699,ROCE variance
BAJFINANCE,Mar 2019,4.390137886068919,5454.0,5449.609862113931,ROCE variance
BAJFINANCE,Mar 2020,5.571472890851689,9159.0,9153.428527109148,ROCE variance
BAJFINANCE,Mar 2021,6.321222371260279,10839.0,10832.67877762874,ROCE variance
BAJFINANCE,Mar 2022,5.5904303878478725,11880.0,11874.409569612151,ROCE variance
BAJFINANCE,Mar 2023,4.611846264524427,12693.0,12688.388153735475,ROCE variance
BAJFINANCE,Mar 2024,4.284588893442841,16099.0,16094.715411106557,ROCE variance
BANKBARODA,Mar 2013,1.9574999061472649,10950.0,10948.042500093852,ROCE variance
BANKBARODA,Mar 2014,1.782122277046135,12049.0,12047.217877722955,ROCE variance
BANKBARODA,Mar 2015,1.8346898902673967,13466.0,13464.165310109733,ROCE variance
BANKBARODA,Mar 2016,3.673609935573294,25391.0,25387.326390064427,ROCE variance
BANKBARODA,Mar 2017,2.676525550043381,19250.0,19247.323474449957,ROCE variance
BANKBARODA,Mar 2018,3.489320616852724,26093.0,26089.510679383147,ROCE variance
BANKBARODA,Mar 2019,3.14943818853929,25815.0,25811.85056181146,ROCE variance
BANKBARODA,Mar 2020,3.3820998637426194,40583.0,40579.617900136254,ROCE variance
BANKBARODA,Mar 2021,3.1654647545829397,38070.0,38066.83453524542,ROCE variance
BANKBARODA,Mar 2022,2.799597946752569,37518.0,37515.20040205325,ROCE variance
BANKBARODA,Mar 2023,2.505519798200503,38231.0,38228.4944802018,ROCE variance
BANKBARODA,Mar 2024,2.681875179405055,44379.0,44376.318124820595,ROCE variance
BHARTIARTL,Mar 2013,14.534405266822814,22960.0,22945.465594733178,ROCE variance
BHARTIARTL,Mar 2014,14.607806404690013,26512.0,26497.39219359531,ROCE variance
BHARTIARTL,Mar 2015,18.468827464150074,33602.0,33583.53117253585,ROCE variance
BHARTIARTL,Mar 2016,15.139527424355823,33984.0,33968.860472575645,ROCE variance
BHARTIARTL,Mar 2017,15.207341534594226,35330.0,35314.792658465405,ROCE variance
BHARTIARTL,Mar 2018,12.054696799067012,30079.0,30066.945303200933,ROCE variance
BHARTIARTL,Mar 2019,9.402027544831512,25764.0,25754.59797245517,ROCE variance
BHARTIARTL,Mar 2020,10.195187292357648,36610.0,36599.80481270764,ROCE variance
BHARTIARTL,Mar 2021,13.146563613294349,45279.0,45265.85343638671,ROCE variance
BHARTIARTL,Mar 2022,15.928262741308998,57534.0,57518.07173725869,ROCE variance
BHARTIARTL,Mar 2023,16.03258974664666,71274.0,71257.96741025335,ROCE variance
BHARTIARTL,Mar 2024,17.71236078087141,78292.0,78274.28763921912,ROCE variance
BEL,Mar 2013,1486.6666666666667,669.0,817.6666666666667,ROCE variance
BEL,Mar 2014,2010.8695652173915,925.0,1085.8695652173915,ROCE variance
BEL,Mar 2015,2406.122448979592,1179.0,1227.1224489795918,ROCE variance
BEL,Mar 2016,2678.846153846154,1393.0,1285.8461538461538,ROCE variance
BEL,Mar 2017,2327.2727272727275,1792.0,535.2727272727275,ROCE variance
BEL,Mar 2018,1685.1239669421489,2039.0,353.87603305785115,ROCE variance
BEL,Mar 2019,2308.730158730159,2909.0,600.269841269841,ROCE variance
BEL,Mar 2020,2261.4754098360654,2759.0,497.5245901639346,ROCE variance
BEL,Mar 2021,2114.4736842105262,3214.0,1099.5263157894738,ROCE variance
BEL,Mar 2022,2051.533742331288,3344.0,1292.466257668712,ROCE variance
BEL,Mar 2023,2840.277777777778,4090.0,1249.7222222222222,ROCE variance
BEL,Mar 2024,3137.267080745342,5051.0,1913.732919254658,ROCE variance
BHEL,Mar 2013,13.20421064357125,9483.0,9469.795789356429,ROCE variance
BHEL,Mar 2014,6.078506856407056,4579.0,4572.921493143593,ROCE variance
BHEL,Mar 2015,3.0162151501063637,2141.0,2137.9837848498937,ROCE variance
BHEL,Mar 2016,-2.0693230858380223,-1357.0,1354.930676914162,ROCE variance
BHEL,Mar 2017,1.7747738986677042,1095.0,1093.2252261013323,ROCE variance
BHEL,Mar 2018,2.585236158898968,1653.0,1650.414763841101,ROCE variance
BHEL,Mar 2019,3.150876104822453,2032.0,2028.8491238951776,ROCE variance
BHEL,Mar 2020,-0.22059677232091024,-133.0,132.7794032276791,ROCE variance
BHEL,Mar 2021,-5.448534667619728,-3049.0,3043.5514653323803,ROCE variance
BHEL,Mar 2022,1.4528609780491657,828.0,826.5471390219508,ROCE variance
BHEL,Mar 2023,1.810488346281909,1044.0,1042.189511653718,ROCE variance
BHEL,Mar 2024,1.189201846524386,711.0,709.8107981534756,ROCE variance
BOSCHLTD,Dec 2012,17.084282460136674,1350.0,1332.9157175398634,ROCE variance
BOSCHLTD,Dec 2013,14.497806770891913,1289.0,1274.5021932291081,ROCE variance
BOSCHLTD,Mar 2015,18.991467740389226,1981.0,1962.0085322596108,ROCE variance
BOSCHLTD,Mar 2016,15.1049625995335,1878.0,1862.8950374004664,ROCE variance
BOSCHLTD,Mar 2017,16.635593220338983,1963.0,1946.364406779661,ROCE variance
BOSCHLTD,Mar 2018,15.028362174194013,2093.0,2077.971637825806,ROCE variance
BOSCHLTD,Mar 2019,16.947285601888275,2154.0,2137.0527143981117,ROCE variance
BOSCHLTD,Mar 2020,11.133633633633634,1483.0,1471.8663663663663,ROCE variance
BOSCHLTD,Mar 2021,7.8719371869500465,1163.0,1155.12806281305,ROCE variance
BOSCHLTD,Mar 2022,9.487345879299157,1462.0,1452.5126541207007,ROCE variance
BOSCHLTD,Mar 2023,11.13229595916108,1810.0,1798.8677040408388,ROCE variance
BOSCHLTD,Mar 2024,12.071449150100836,2095.0,2082.9285508498992,ROCE variance
BPCL,Mar 2013,8.425428241322148,6709.0,6700.574571758678,ROCE variance
BPCL,Mar 2014,10.642098123445626,9414.0,9403.357901876554,ROCE variance
BPCL,Mar 2015,11.329672621116286,9780.0,9768.670327378884,ROCE variance
BPCL,Mar 2016,15.008909768346024,12971.0,12955.991090231653,ROCE variance
BPCL,Mar 2017,12.63498524100251,13783.0,13770.365014758998,ROCE variance
BPCL,Mar 2018,12.726411645451826,15317.0,15304.273588354548,ROCE variance
BPCL,Mar 2019,11.036618319384193,15112.0,15100.963381680616,ROCE variance
BPCL,Mar 2020,5.949224446506695,8975.0,8969.050775553493,ROCE variance
BPCL,Mar 2021,13.045882045993862,21001.0,20987.954117954007,ROCE variance
BPCL,Mar 2022,10.204821654250809,19137.0,19126.79517834575,ROCE variance
BPCL,Mar 2023,5.79398114922731,10899.0,10893.206018850773,ROCE variance
BPCL,Mar 2024,21.777707516129986,44082.0,44060.22229248387,ROCE variance
BRITANNIA,Mar 2013,22.357939458311204,421.0,398.6420605416888,ROCE variance
BRITANNIA,Mar 2014,29.75794969150451,627.0,597.2420503084954,ROCE variance
BRITANNIA,Mar 2015,31.149301825993554,870.0,838.8506981740064,ROCE variance
BRITANNIA,Mar 2016,35.03148254149971,1224.0,1188.9685174585002,ROCE variance
BRITANNIA,Mar 2017,31.10245801898272,1278.0,1246.8975419810172,ROCE variance
BRITANNIA,Mar 2018,28.932151117964533,1501.0,1472.0678488820354,ROCE variance
BRITANNIA,Mar 2019,27.765309394036553,1732.0,1704.2346906059634,ROCE variance
BRITANNIA,Mar 2020,23.537675606641123,1843.0,1819.4623243933588,ROCE variance
BRITANNIA,Mar 2021,31.362499999999997,2509.0,2477.6375,ROCE variance
BRITANNIA,Mar 2022,29.241397635180018,2201.0,2171.75860236482,ROCE variance
BRITANNIA,Mar 2023,30.274836915837877,2831.0,2800.725163084162,ROCE variance
BRITANNIA,Mar 2024,34.90961199294533,3167.0,3132.0903880070546,ROCE variance
CANBK,Mar 2013,1.721103490379754,7217.0,7215.278896509621,ROCE variance
CANBK,Mar 2014,1.9230078429024726,9636.0,9634.076992157097,ROCE variance
CANBK,Mar 2015,1.8443921669728123,10302.0,10300.155607833027,ROCE variance
CANBK,Mar 2016,3.1549070912235577,17785.0,17781.845092908778,ROCE variance
CANBK,Mar 2017,2.6320159554749654,15691.0,15688.367984044526,ROCE variance
CANBK,Mar 2018,4.051406716447457,25582.0,25577.948593283552,ROCE variance
CANBK,Mar 2019,3.821670368637633,27202.0,27198.178329631362,ROCE variance
CANBK,Mar 2020,3.6158016832110484,26809.0,26805.384198316788,ROCE variance
CANBK,Mar 2021,3.682537260287909,43437.0,43433.31746273971,ROCE variance
CANBK,Mar 2022,3.275767424087754,41235.0,41231.724232575914,ROCE variance
CANBK,Mar 2023,3.097108679753517,42772.0,42768.90289132025,ROCE variance
CANBK,Mar 2024,3.0062188195838746,46146.0,46142.99378118042,ROCE variance
CHOLAFIN,Mar 2013,3.7744129910028525,688.0,684.2255870089972,ROCE variance
CHOLAFIN,Mar 2014,4.326030449313033,932.0,927.6739695506869,ROCE variance
CHOLAFIN,Mar 2015,4.445282386458857,1061.0,1056.5547176135412,ROCE variance
CHOLAFIN,Mar 2016,4.5394241457205355,1266.0,1261.4605758542796,ROCE variance
CHOLAFIN,Mar 2017,4.320543826393882,1322.0,1317.679456173606,ROCE variance
CHOLAFIN,Mar 2018,3.2852582244662303,1451.0,1447.7147417755339,ROCE variance
CHOLAFIN,Mar 2019,2.83875456601148,1632.0,1629.1612454339886,ROCE variance
CHOLAFIN,Mar 2020,3.7793874301414343,2421.0,2417.2206125698585,ROCE variance
CHOLAFIN,Mar 2021,3.9025239804940783,2913.0,2909.097476019506,ROCE variance
CHOLAFIN,Mar 2022,3.5476126967191255,2926.0,2922.452387303281,ROCE variance
CHOLAFIN,Mar 2023,3.1867425875892175,3621.0,3617.8132574124106,ROCE variance
CHOLAFIN,Mar 2024,3.4368099255836513,5385.0,5381.5631900744165,ROCE variance
CIPLA,Mar 2013,52.024360953851435,6065.0,6012.975639046149,ROCE variance
CIPLA,Mar 2014,59.895522388059696,8026.0,7966.104477611941,ROCE variance
CIPLA,Mar 2015,58.602425015954054,9183.0,9124.397574984047,ROCE variance
CIPLA,Mar 2016,53.73176873010594,11310.0,11256.268231269894,ROCE variance
CIPLA,Mar 2017,57.01279409650678,11898.0,11840.987205903493,ROCE variance
CIPLA,Mar 2018,54.377453358620386,12329.0,12274.62254664138,ROCE variance
CIPLA,Mar 2019,55.8244255534046,13265.0,13209.175574446595,ROCE variance
CIPLA,Mar 2020,59.45438244460573,13926.0,13866.545617555394,ROCE variance
CIPLA,Mar 2021,59.975859987929994,14907.0,14847.02414001207,ROCE variance
CIPLA,Mar 2022,64.08385150984846,17211.0,17146.916148490152,ROCE variance
CIPLA,Mar 2023,60.498293515358355,17726.0,17665.501706484643,ROCE variance
CIPLA,Mar 2024,59.88688408692712,19483.0,19423.113115913075,ROCE variance
COALINDIA,Mar 2013,45.24656929439644,50216.0,50170.753430705605,ROCE variance
COALINDIA,Mar 2014,50.35544797880653,52842.0,52791.64455202119,ROCE variance
COALINDIA,Mar 2015,51.02770812549993,56777.0,56725.9722918745,ROCE variance
COALINDIA,Mar 2016,52.08436069038393,59147.0,59094.91563930961,ROCE variance
COALINDIA,Mar 2017,55.415855026267636,65716.0,65660.58414497373,ROCE variance
COALINDIA,Mar 2018,60.53669772297982,75956.0,75895.46330227701,ROCE variance
COALINDIA,Mar 2019,56.06558362965246,74579.0,74522.93441637035,ROCE variance
COALINDIA,Mar 2020,49.660045327289694,74500.0,74450.33995467272,ROCE variance
COALINDIA,Mar 2021,44.33254062377756,71398.0,71353.66745937623,ROCE variance
COALINDIA,Mar 2022,47.36786375086382,84995.0,84947.63213624913,ROCE variance
COALINDIA,Mar 2023,42.46689190409944,94020.0,93977.5331080959,ROCE variance
COALINDIA,Mar 2024,39.90019875671332,94352.0,94312.09980124328,ROCE variance
DABUR,Mar 2013,21.066043746018263,992.0,970.9339562539817,ROCE variance
DABUR,Mar 2014,21.875,1162.0,1140.125,ROCE variance
DABUR,Mar 2015,21.61808057648215,1320.0,1298.381919423518,ROCE variance
DABUR,Mar 2016,21.898442008078476,1518.0,1496.1015579919215,ROCE variance
DABUR,Mar 2017,19.555095706156234,1512.0,1492.4449042938438,ROCE variance
DABUR,Mar 2018,18.581935187313263,1617.0,1598.4180648126867,ROCE variance
DABUR,Mar 2019,20.62344435225791,1740.0,1719.3765556477422,ROCE variance
DABUR,Mar 2020,19.192460104958766,1792.0,1772.8075398950411,ROCE variance
DABUR,Mar 2021,18.48056863288101,2002.0,1983.519431367119,ROCE variance
DABUR,Mar 2022,18.332790621947247,2252.0,2233.6672093780526,ROCE variance
DABUR,Mar 2023,15.836507471432757,2162.0,2146.163492528567,ROCE variance
DABUR,Mar 2024,15.877216194760518,2400.0,2384.1227838052396,ROCE variance
DIVISLAB,Mar 2013,25.995539980885635,816.0,790.0044600191144,ROCE variance
DIVISLAB,Mar 2014,27.439353099730457,1018.0,990.5606469002695,ROCE variance
DIVISLAB,Mar 2015,26.62883087400681,1173.0,1146.3711691259932,ROCE variance
DIVISLAB,Mar 2016,29.052674561045322,1423.0,1393.9473254389547,ROCE variance
DIVISLAB,Mar 2017,23.55808285946385,1450.0,1426.4419171405361,ROCE variance
DIVISLAB,Mar 2018,18.703021370670598,1269.0,1250.2969786293295,ROCE variance
DIVISLAB,Mar 2019,23.320059731209557,1874.0,1850.6799402687905,ROCE variance
DIVISLAB,Mar 2020,21.4042902356113,1826.0,1804.5957097643886,ROCE variance
DIVISLAB,Mar 2021,26.61776993779593,2867.0,2840.382230062204,ROCE variance
DIVISLAB,Mar 2022,29.07934131736527,3885.0,3855.920658682635,ROCE variance
DIVISLAB,Mar 2023,16.429809358752166,2370.0,2353.570190641248,ROCE variance
DIVISLAB,Mar 2024,14.29495472186287,2210.0,2195.7050452781373,ROCE variance
DLF,Mar 2013,4.072888146395038,2633.0,2628.927111853605,ROCE variance
DLF,Mar 2014,3.863618752421542,2493.0,2489.1363812475784,ROCE variance
DLF,Mar 2015,4.548610063082913,3014.0,3009.451389936917,ROCE variance
DLF,Mar 2016,6.424857036401043,3966.0,3959.575142963599,ROCE variance
DLF,Mar 2017,5.388247803108484,3446.0,3440.6117521968913,ROCE variance
DLF,Mar 2018,3.925063959726005,2378.0,2374.0749360402738,ROCE variance
DLF,Mar 2019,3.2309011326203696,2148.0,2144.76909886738,ROCE variance
DLF,Mar 2020,2.050456253354804,1146.0,1143.9495437466453,ROCE variance
DLF,Mar 2021,2.7464104098115465,1469.0,1466.2535895901885,ROCE variance
DLF,Mar 2022,3.406492465847128,1743.0,1739.5935075341529,ROCE variance
DLF,Mar 2023,3.2831164878642625,1726.0,1722.7168835121358,ROCE variance
DLF,Mar 2024,3.5957947485144492,2124.0,2120.4042052514856,ROCE variance
DMART,Mar 2013,14.410187667560322,215.0,200.5898123324397,ROCE variance
DMART,Mar 2014,18.86061946902655,341.0,322.1393805309734,ROCE variance
DMART,Mar 2015,19.363057324840767,456.0,436.6369426751592,ROCE variance
DMART,Mar 2016,21.40554480980013,664.0,642.5944551901998,ROCE variance
DMART,Mar 2017,16.652345763876955,969.0,952.347654236123,ROCE variance
DMART,Mar 2018,23.95538243626062,1353.0,1329.0446175637394,ROCE variance
DMART,Mar 2019,23.308592634884384,1633.0,1609.6914073651155,ROCE variance
DMART,Mar 2020,17.62172904935409,2128.0,2110.378270950646,ROCE variance
DMART,Mar 2021,12.77920175759795,1745.0,1732.220798242402,ROCE variance
DMART,Mar 2022,16.17219313554392,2502.0,2485.827806864456,ROCE variance
DMART,Mar 2023,20.099420049710027,3639.0,3618.90057995029,ROCE variance
DMART,Mar 2024,19.393538635934252,4106.0,4086.6064613640656,ROCE variance
DRREDDY,Mar 2013,19.947683109118085,2669.0,2649.052316890882,ROCE variance
DRREDDY,Mar 2014,20.438828115176662,3251.0,3230.561171884823,ROCE variance
DRREDDY,Mar 2015,19.006339058351845,3508.0,3488.993660941648,ROCE variance
DRREDDY,Mar 2016,17.6340383669454,3585.0,3567.3659616330547,ROCE variance
DRREDDY,Mar 2017,11.415904682737601,2472.0,2460.5840953172624,ROCE variance
DRREDDY,Mar 2018,10.519486330484586,2351.0,2340.4805136695154,ROCE variance
DRREDDY,Mar 2019,14.176108484253724,3178.0,3163.8238915157463,ROCE variance
DRREDDY,Mar 2020,10.6661499375619,2477.0,2466.333850062438,ROCE variance
DRREDDY,Mar 2021,14.570482924627651,3874.0,3859.429517075372,ROCE variance
DRREDDY,Mar 2022,12.667249378067638,3768.0,3755.3327506219325,ROCE variance
DRREDDY,Mar 2023,20.08755316836909,6470.0,6449.912446831631,ROCE variance
DRREDDY,Mar 2024,20.45642083548221,7933.0,7912.543579164518,ROCE variance
EICHERMOT,Dec 2012,12.301498546186536,550.0,537.6985014538135,ROCE variance
EICHERMOT,Dec 2013,13.397039535319468,715.0,701.6029604646806,ROCE variance
EICHERMOT,Dec 2014,17.460565359987505,1118.0,1100.5394346400126,ROCE variance
EICHERMOT,Mar 2016,34.21745292569346,1690.0,1655.7825470743066,ROCE variance
EICHERMOT,Mar 2017,31.01726351833357,2174.0,2142.9827364816665,ROCE variance
EICHERMOT,Mar 2018,29.500105019953793,2809.0,2779.499894980046,ROCE variance
EICHERMOT,Mar 2019,25.502766312461578,2904.0,2878.4972336875385,ROCE variance
EICHERMOT,Mar 2020,17.53413654618474,2183.0,2165.4658634538155,ROCE variance
EICHERMOT,Mar 2021,12.246720241774847,1783.0,1770.753279758225,ROCE variance
EICHERMOT,Mar 2022,13.49442379182156,2178.0,2164.5055762081784,ROCE variance
EICHERMOT,Mar 2023,17.94978643608709,3446.0,3428.050213563913,ROCE variance
EICHERMOT,Mar 2024,18.72809863724854,4329.0,4310.271901362751,ROCE variance
GAIL,Mar 2013,12.417863532244311,7427.0,7414.582136467756,ROCE variance
GAIL,Mar 2014,11.946459283631198,7988.0,7976.053540716369,ROCE variance
GAIL,Mar 2015,8.08250441372777,5631.0,5622.917495586272,ROCE variance
GAIL,Mar 2016,7.679934984677378,4536.0,4528.320065015323,ROCE variance
GAIL,Mar 2017,10.329210341219056,6021.0,6010.670789658781,ROCE variance
GAIL,Mar 2018,12.716574576630318,7802.0,7789.283425423369,ROCE variance
GAIL,Mar 2019,14.5237190541607,9938.0,9923.476280945839,ROCE variance
GAIL,Mar 2020,12.039928470387276,9022.0,9009.960071529613,ROCE variance
GAIL,Mar 2021,8.941132913735654,7245.0,7236.058867086264,ROCE variance
GAIL,Mar 2022,15.69721693034043,15161.0,15145.30278306966,ROCE variance
GAIL,Mar 2023,6.957005704744677,7500.0,7493.042994295255,ROCE variance
GAIL,Mar 2024,11.47552811961358,14314.0,14302.524471880386,ROCE variance
GODREJCP,Mar 2013,12.930474333983105,995.0,982.069525666017,ROCE variance
GODREJCP,Mar 2014,14.05048076923077,1169.0,1154.9495192307693,ROCE variance
GODREJCP,Mar 2015,15.112328767123287,1379.0,1363.8876712328768,ROCE variance
GODREJCP,Mar 2016,17.119537142266765,1657.0,1639.8804628577332,ROCE variance
GODREJCP,Mar 2017,14.73724884080371,1907.0,1892.2627511591963,ROCE variance
GODREJCP,Mar 2018,15.031736872475477,2084.0,2068.9682631275246,ROCE variance
GODREJCP,Mar 2019,15.127004399035052,2132.0,2116.872995600965,ROCE variance
GODREJCP,Mar 2020,14.475806451612902,2154.0,2139.5241935483873,ROCE variance
GODREJCP,Mar 2021,16.842179163156416,2399.0,2382.1578208368437,ROCE variance
GODREJCP,Mar 2022,14.979480164158687,2409.0,2394.0205198358412,ROCE variance
GODREJCP,Mar 2023,14.010437575270975,2443.0,2428.9895624247292,ROCE variance
GODREJCP,Mar 2024,16.07764245324054,2957.0,2940.9223575467595,ROCE variance
GRASIM,Mar 2013,13.426104299345013,5924.0,5910.573895700655,ROCE variance
GRASIM,Mar 2014,10.296212502094855,4915.0,4904.703787497905,ROCE variance
GRASIM,Mar 2015,9.520108082097977,5144.0,5134.479891917902,ROCE variance
GRASIM,Mar 2016,9.921780582785015,5911.0,5901.078219417215,ROCE variance
GRASIM,Mar 2017,11.772674390807529,7387.0,7375.227325609192,ROCE variance
GRASIM,Mar 2018,5.585404451199862,11612.0,11606.4145955488,ROCE variance
GRASIM,Mar 2019,6.9009277268825135,16640.0,16633.09907227312,ROCE variance
GRASIM,Mar 2020,4.248078269808053,10373.0,10368.751921730192,ROCE variance
GRASIM,Mar 2021,6.970289771048329,18635.0,18628.02971022895,ROCE variance
GRASIM,Mar 2022,7.065907196635644,20431.0,20423.934092803363,ROCE variance
GRASIM,Mar 2023,6.40959791938199,21589.0,21582.59040208062,ROCE variance
GRASIM,Mar 2024,6.598870221005735,27195.0,27188.401129778995,ROCE variance
HAL,Mar 2016,1407.9545454545455,2478.0,1070.0454545454545,ROCE variance
HAL,Mar 2017,1903.5294117647059,3236.0,1332.4705882352941,ROCE variance
HAL,Mar 2018,2084.3373493975905,3460.0,1375.6626506024095,ROCE variance
HAL,Mar 2019,2610.857142857143,4569.0,1958.1428571428569,ROCE variance
HAL,Mar 2020,2820.809248554913,4880.0,2059.190751445087,ROCE variance
HAL,Mar 2021,2871.505376344086,5341.0,2469.494623655914,ROCE variance
HAL,Mar 2022,2683.168316831683,5420.0,2736.831683168317,ROCE variance
HAL,Mar 2023,2460.8856088560883,6669.0,4208.114391143912,ROCE variance
HAL,Mar 2024,2166.4444444444443,9749.0,7582.555555555556,ROCE variance
HAVELLS,Mar 2013,15.11888739344998,674.0,658.88111260655,ROCE variance
HAVELLS,Mar 2014,14.572393098274569,777.0,762.4276069017254,ROCE variance
HAVELLS,Mar 2015,15.768588137009191,755.0,739.2314118629909,ROCE variance
HAVELLS,Mar 2016,18.144517893777067,796.0,777.8554821062229,ROCE variance
HAVELLS,Mar 2017,15.770123839009287,815.0,799.2298761609907,ROCE variance
HAVELLS,Mar 2018,15.632566585956416,1033.0,1017.3674334140436,ROCE variance
HAVELLS,Mar 2019,16.63402350307778,1189.0,1172.3659764969223,ROCE variance
HAVELLS,Mar 2020,15.085536547433904,1067.0,1051.914463452566,ROCE variance
HAVELLS,Mar 2021,17.950745594216,1589.0,1571.049254405784,ROCE variance
HAVELLS,Mar 2022,16.867813361208782,1775.0,1758.1321866387912,ROCE variance
HAVELLS,Mar 2023,14.528995249619072,1621.0,1606.4710047503809,ROCE variance
HAVELLS,Mar 2024,15.129091932759591,1881.0,1865.8709080672404,ROCE variance
HCLTECH,Jun 2013,25.358274922987633,5680.0,5654.641725077013,ROCE variance
HCLTECH,Jun 2014,26.801200800533685,8035.0,8008.1987991994665,ROCE variance
HCLTECH,Jun 2015,24.077174067243583,8486.0,8461.922825932756,ROCE variance
HCLTECH,Mar 2017,22.70442725405358,10390.0,10367.295572745947,ROCE variance
HCLTECH,Mar 2018,23.43453708141449,11246.0,11222.565462918585,ROCE variance
HCLTECH,Mar 2019,23.866732934583286,13926.0,13902.133267065417,ROCE variance
HCLTECH,Mar 2020,20.908245692413576,17316.0,17295.091754307585,ROCE variance
HCLTECH,Mar 2021,23.298894790056597,20048.0,20024.701105209944,ROCE variance
HCLTECH,Mar 2022,23.086784898955255,20529.0,20505.913215101045,ROCE variance
HCLTECH,Mar 2023,24.265951742627344,22628.0,22603.73404825737,ROCE variance
HCLTECH,Mar 2024,24.440942973153142,24198.0,24173.559057026847,ROCE variance
HDFCBANK,Mar 2013,3.0979365893020505,12631.0,12627.902063410698,ROCE variance
HDFCBANK,Mar 2014,2.6821810094912832,13508.0,13505.317818990508,ROCE variance
HDFCBANK,Mar 2015,2.6625069799389554,16164.0,16161.33749302006,ROCE variance
HDFCBANK,Mar 2016,2.631157735643102,20055.0,20052.368842264357,ROCE variance
HDFCBANK,Mar 2017,2.673408461310885,23856.0,23853.326591538687,ROCE variance
HDFCBANK,Mar 2018,2.676973783206096,29532.0,29529.323026216793,ROCE variance
HDFCBANK,Mar 2019,2.696150853260273,34856.0,34853.30384914674,ROCE variance
HDFCBANK,Mar 2020,2.875641277050663,45459.0,45456.12435872295,ROCE variance
HDFCBANK,Mar 2021,2.915076184755047,52457.0,52454.084923815244,ROCE variance
HDFCBANK,Mar 2022,2.6640960105212876,56557.0,56554.33590398948,ROCE variance
HDFCBANK,Mar 2023,2.4913532550963633,63042.0,63039.5086467449,ROCE variance
HDFCBANK,Mar 2024,4.322273319845149,174196.0,174191.67772668015,ROCE variance
HDFCLIFE,Mar 2013,32.28923135645785,13535.0,13502.710768643543,ROCE variance
HDFCLIFE,Mar 2014,31.680535628885703,16561.0,16529.319464371114,ROCE variance
HDFCLIFE,Mar 2015,38.00516527435109,26341.0,26302.99483472565,ROCE variance
HDFCLIFE,Mar 2016,22.453752090301005,17187.0,17164.5462479097,ROCE variance
HDFCLIFE,Mar 2017,31.203928620250903,29674.0,29642.796071379747,ROCE variance
HDFCLIFE,Mar 2018,28.22696704470371,31186.0,31157.773032955298,ROCE variance
HDFCLIFE,Mar 2019,28.94939240116905,37640.0,37611.05060759883,ROCE variance
HDFCLIFE,Mar 2020,21.356939738625364,28239.0,28217.643060261376,ROCE variance
HDFCLIFE,Mar 2021,39.127216052990455,70294.0,70254.87278394701,ROCE variance
HDFCLIFE,Mar 2022,28.75518995900041,66348.0,66319.244810041,ROCE variance
HDFCLIFE,Mar 2023,28.269150921719362,70127.0,70098.73084907827,ROCE variance
HDFCLIFE,Mar 2024,33.35161404354994,100951.0,100917.64838595645,ROCE variance
HEROMOTOCO,Mar 2014,214.60185734044654,21722.0,21507.398142659553,ROCE variance
HEROMOTOCO,Mar 2015,225.43645579125214,24018.0,23792.563544208748,ROCE variance
HEROMOTOCO,Mar 2016,186.360111662531,24033.0,23846.639888337468,ROCE variance
HEROMOTOCO,Mar 2017,156.90308254963426,24025.0,23868.096917450366,ROCE variance
HEROMOTOCO,Mar 2018,155.9119388400299,27124.0,26968.08806115997,ROCE variance
HEROMOTOCO,Mar 2019,156.4310419368785,28946.0,28789.568958063122,ROCE variance
HEROMOTOCO,Mar 2020,128.00650604859206,25184.0,25055.99349395141,ROCE variance
HEROMOTOCO,Mar 2021,116.47904399030136,26902.0,26785.5209560097,ROCE variance
HEROMOTOCO,Mar 2022,116.98104813595516,26295.0,26178.018951864044,ROCE variance
HEROMOTOCO,Mar 2023,125.68465944725509,30060.0,29934.315340552745,ROCE variance
HEROMOTOCO,Mar 2024,124.47520360952855,32554.0,32429.524796390473,ROCE variance
HINDALCO,Mar 2013,60.116095862011775,72494.0,72433.88390413798,ROCE variance
HINDALCO,Mar 2014,57.740140018263254,79671.0,79613.25985998174,ROCE variance
HINDALCO,Mar 2015,67.32958954750046,95437.0,95369.6704104525,ROCE variance
HINDALCO,Mar 2016,64.45878735493744,90981.0,90916.54121264507,ROCE variance
HINDALCO,Mar 2017,60.12357674622291,87867.0,87806.87642325378,ROCE variance
HINDALCO,Mar 2018,69.03288122219652,101488.0,101418.9671187778,ROCE variance
HINDALCO,Mar 2019,75.69223277972257,115031.0,114955.30776722028,ROCE variance
HINDALCO,Mar 2020,61.58180028229489,103838.0,103776.41819971771,ROCE variance
HINDALCO,Mar 2021,60.61211087691053,114449.0,114388.38788912309,ROCE variance
HINDALCO,Mar 2022,75.14457641252169,166712.0,166636.8554235875,ROCE variance
HINDALCO,Mar 2023,89.72969586870047,200536.0,200446.2703041313,ROCE variance
HINDALCO,Mar 2024,83.2556788876705,192090.0,192006.74432111232,ROCE variance
HINDUNILVR,Mar 2013,188.42209725438306,22784.0,22595.577902745616,ROCE variance
HINDUNILVR,Mar 2014,177.9482332412389,24475.0,24297.051766758763,ROCE variance
HINDUNILVR,Mar 2015,184.06098406098405,26560.0,26375.939015939017,ROCE variance
HINDUNILVR,Mar 2016,177.62455215304536,26276.0,26098.375447846956,ROCE variance
HINDUNILVR,Mar 2017,170.85190373105817,26834.0,26663.148096268942,ROCE variance
HINDUNILVR,Mar 2018,157.01489194938975,28046.0,27888.98510805061,ROCE variance
HINDUNILVR,Mar 2019,163.34746899994633,30430.0,30266.652531000054,ROCE variance
HINDUNILVR,Mar 2020,148.4741725797648,29922.0,29773.525827420235,ROCE variance
HINDUNILVR,Mar 2021,51.50130928135002,35402.0,35350.49869071865,ROCE variance
HINDUNILVR,Mar 2022,56.14983122003802,39589.0,39532.850168779965,ROCE variance
HINDUNILVR,Mar 2023,63.53982785281279,46433.0,46369.460172147184,ROCE variance
HINDUNILVR,Mar 2024,60.18295557339245,47237.0,47176.81704442661,ROCE variance
ICICIBANK,Mar 2013,4.695164058077538,31684.0,31679.304835941923,ROCE variance
ICICIBANK,Mar 2014,4.39337650214908,32852.0,32847.60662349785,ROCE variance
ICICIBANK,Mar 2015,4.692771514588799,38766.0,38761.30722848541,ROCE variance
ICICIBANK,Mar 2016,5.687255375747205,52252.0,52246.31274462425,ROCE variance
ICICIBANK,Mar 2017,6.476552791092851,63841.0,63834.52344720891,ROCE variance
ICICIBANK,Mar 2018,6.475783189433957,72806.0,72799.52421681056,ROCE variance
ICICIBANK,Mar 2019,6.762625585852046,83775.0,83768.23737441415,ROCE variance
ICICIBANK,Mar 2020,6.197741655364294,85361.0,85354.80225834463,ROCE variance
ICICIBANK,Mar 2021,5.801773019903267,91309.0,91303.1982269801,ROCE variance
ICICIBANK,Mar 2022,4.6100818366838086,80798.0,80793.38991816332,ROCE variance
ICICIBANK,Mar 2023,4.486313435350704,87864.0,87859.51368656465,ROCE variance
ICICIBANK,Mar 2024,4.2113936895928745,99560.0,99555.78860631041,ROCE variance
ICICIGI,Mar 2013,33.16451689483264,4191.0,4157.835483105167,ROCE variance
ICICIGI,Mar 2014,31.049918610960393,4578.0,4546.95008138904,ROCE variance
ICICIGI,Mar 2015,30.424689334972005,4456.0,4425.575310665028,ROCE variance
ICICIGI,Mar 2016,33.61189078846645,5269.0,5235.388109211533,ROCE variance
ICICIGI,Mar 2017,28.268596633977133,6601.0,6572.731403366023,ROCE variance
ICICIGI,Mar 2018,24.114285714285714,7174.0,7149.885714285714,ROCE variance
ICICIGI,Mar 2019,28.422596772744964,9494.0,9465.577403227255,ROCE variance
ICICIGI,Mar 2020,26.307974731385997,9745.0,9718.692025268614,ROCE variance
ICICIGI,Mar 2021,25.675606901114563,10090.0,10064.324393098885,ROCE variance
ICICIGI,Mar 2022,29.519351793580867,15010.0,14980.48064820642,ROCE variance
ICICIGI,Mar 2023,30.15648259085793,16612.0,16581.843517409143,ROCE variance
ICICIGI,Mar 2024,28.29026347381058,17910.0,17881.70973652619,ROCE variance
ICICIPRULI,Mar 2013,25.63148098909864,19280.0,19254.368519010903,ROCE variance
ICICIPRULI,Mar 2014,25.019024474065343,20384.0,20358.980975525934,ROCE variance
ICICIPRULI,Mar 2015,32.40428790199081,32798.0,32765.59571209801,ROCE variance
ICICIPRULI,Mar 2016,18.14346394311077,19008.0,18989.85653605689,ROCE variance
ICICIPRULI,Mar 2017,28.867814110837653,36010.0,35981.13218588916,ROCE variance
ICICIPRULI,Mar 2018,26.133310769360946,37062.0,37035.866689230636,ROCE variance
ICICIPRULI,Mar 2019,25.09228259936475,40922.0,40896.90771740064,ROCE variance
ICICIPRULI,Mar 2020,13.67933295306702,21344.0,21330.320667046934,ROCE variance
ICICIPRULI,Mar 2021,38.47343706840991,83572.0,83533.52656293158,ROCE variance
ICICIPRULI,Mar 2022,26.889546181633712,65728.0,65701.11045381837,ROCE variance
ICICIPRULI,Mar 2023,20.41617972960825,52235.0,52214.58382027039,ROCE variance
ICICIPRULI,Mar 2024,30.814612660158325,92136.0,92105.18538733984,ROCE variance
INDUSINDBK,Mar 2013,2.655953728838992,1947.0,1944.344046271161,ROCE variance
INDUSINDBK,Mar 2014,2.935904212534185,2555.0,2552.0640957874657,ROCE variance
INDUSINDBK,Mar 2015,2.802651471101291,3133.0,3130.1973485288986,ROCE variance
INDUSINDBK,Mar 2016,2.930782311735026,4188.0,4185.069217688265,ROCE variance
INDUSINDBK,Mar 2017,3.1816756974609293,5684.0,5680.818324302539,ROCE variance
INDUSINDBK,Mar 2018,2.957685470116322,6555.0,6552.042314529884,ROCE variance
INDUSINDBK,Mar 2019,3.341384138593833,9283.0,9279.658615861406,ROCE variance
INDUSINDBK,Mar 2020,4.107041666395274,12611.0,12606.892958333605,ROCE variance
INDUSINDBK,Mar 2021,4.407214861711477,15997.0,15992.59278513829,ROCE variance
INDUSINDBK,Mar 2022,3.940543566142173,15840.0,15836.059456433857,ROCE variance
INDUSINDBK,Mar 2023,3.391189242557951,15525.0,15521.608810757441,ROCE variance
INDUSINDBK,Mar 2024,3.425286686669191,17638.0,17634.57471331333,ROCE variance
INFY,Mar 2013,24.93354943273906,11538.0,11513.066450567261,ROCE variance
INFY,Mar 2014,23.50524874486536,13390.0,13366.494751255135,ROCE variance
INFY,Mar 2015,22.451688817149147,14883.0,14860.54831118285,ROCE variance
INFY,Mar 2016,22.742283416335987,17079.0,17056.257716583663,ROCE variance
INFY,Mar 2017,22.374561023716748,18604.0,18581.625438976283,ROCE variance
INFY,Mar 2018,23.720525778522727,18822.0,18798.279474221476,ROCE variance
INFY,Mar 2019,23.993053077343994,20170.0,20146.006946922655,ROCE variance
INFY,Mar 2020,24.25599128540305,22267.0,22242.7440087146,ROCE variance
INFY,Mar 2021,25.940601426830746,27889.0,27863.05939857317,ROCE variance
INFY,Mar 2022,26.97787182276898,31491.0,31464.022128177232,ROCE variance
INFY,Mar 2023,28.19512664933064,35130.0,35101.804873350666,ROCE variance
INFY,Mar 2024,26.77915012498162,36425.0,36398.22084987502,ROCE variance
IOC,Mar 2013,5.7305749179338346,13861.0,13855.269425082066,ROCE variance
IOC,Mar 2014,6.475580271702143,17222.0,17215.5244197283,ROCE variance
IOC,Mar 2015,4.521491514988264,10575.0,10570.478508485012,ROCE variance
IOC,Mar 2016,9.51082148328766,22038.0,22028.489178516713,ROCE variance
IOC,Mar 2017,12.4759333477033,34149.0,34136.524066652295,ROCE variance
IOC,Mar 2018,14.080308253903873,41658.0,41643.919691746094,ROCE variance
IOC,Mar 2019,10.514576742216644,35262.0,35251.485423257785,ROCE variance
IOC,Mar 2020,4.865105678835745,16053.0,16048.134894321165,ROCE variance
IOC,Mar 2021,11.243013417055007,39929.0,39917.75698658294,ROCE variance
IOC,Mar 2022,11.623288438043039,47758.0,47746.376711561956,ROCE variance
IOC,Mar 2023,6.941933732282039,30683.0,30676.058066267717,ROCE variance
IOC,Mar 2024,15.671983475697301,75646.0,75630.3280165243,ROCE variance
IRCTC,Mar 2015,13.080895008605854,152.0,138.91910499139414,ROCE variance
IRCTC,Mar 2016,13.221990257480861,190.0,176.77800974251915,ROCE variance
IRCTC,Mar 2017,17.196056955093102,314.0,296.8039430449069,ROCE variance
IRCTC,Mar 2018,11.815437688658905,274.0,262.1845623113411,ROCE variance
IRCTC,Mar 2019,14.764841942945258,383.0,368.2351580570547,ROCE variance
IRCTC,Mar 2020,21.690836161678494,703.0,681.3091638383215,ROCE variance
IRCTC,Mar 2021,5.962575325087219,188.0,182.03742467491278,ROCE variance
IRCTC,Mar 2022,22.502574665293512,874.0,851.4974253347065,ROCE variance
IRCTC,Mar 2023,25.073688347415995,1276.0,1250.926311652584,ROCE variance
IRCTC,Mar 2024,24.068297488097194,1466.0,1441.9317025119028,ROCE variance
IRFC,Mar 2013,7.812875415165006,5528.0,5520.187124584835,ROCE variance
IRFC,Mar 2014,7.360895984749195,6178.0,6170.639104015251,ROCE variance
IRFC,Mar 2015,7.878193206841079,6905.0,6897.121806793159,ROCE variance
IRFC,Mar 2016,6.889298892988929,7468.0,7461.110701107011,ROCE variance
IRFC,Mar 2017,6.957963748553799,9021.0,9014.042036251447,ROCE variance
IRFC,Mar 2018,5.715683602942998,9229.0,9223.284316397057,ROCE variance
IRFC,Mar 2019,5.365336585932509,11085.0,11079.634663414068,ROCE variance
IRFC,Mar 2020,4.8474795284278995,13355.0,13350.152520471573,ROCE variance
IRFC,Mar 2021,4.115043550023391,15657.0,15652.884956449976,ROCE variance
IRFC,Mar 2022,4.483977065647362,20177.0,20172.516022934353,ROCE variance
IRFC,Mar 2023,4.8103532310001444,23588.0,23583.189646769,ROCE variance
IRFC,Mar 2024,5.465673844834481,26513.0,26507.534326155164,ROCE variance
ITC,Mar 2013,31.761442441054093,11221.0,11189.238557558945,ROCE variance
ITC,Mar 2014,32.02115158636898,13080.0,13047.978848413632,ROCE variance
ITC,Mar 2015,31.014972144846798,14252.0,14220.985027855153,ROCE variance
ITC,Mar 2016,28.133046794834566,14531.0,14502.866953205166,ROCE variance
ITC,Mar 2017,27.675408780278367,15470.0,15442.324591219722,ROCE variance
ITC,Mar 2018,25.717221089335474,16521.0,16495.282778910663,ROCE variance
ITC,Mar 2019,25.83950152636641,18537.0,18511.160498473633,ROCE variance
ITC,Mar 2020,25.021019001177063,19344.0,19318.97898099882,ROCE variance
ITC,Mar 2021,23.13553232738168,17065.0,17041.864467672618,ROCE variance
ITC,Mar 2022,26.71511477278615,20623.0,20596.284885227215,ROCE variance
ITC,Mar 2023,29.947221866225487,25704.0,25674.052778133773,ROCE variance
ITC,Mar 2024,28.59057915731194,26233.0,26204.409420842687,ROCE variance
JINDALSTEL,Mar 2013,10.6985790128432,6106.0,6095.301420987157,ROCE variance
JINDALSTEL,Mar 2014,8.414957990509773,5799.0,5790.58504200949,ROCE variance
JINDALSTEL,Mar 2015,7.233541178495306,5464.0,5456.766458821505,ROCE variance
JINDALSTEL,Mar 2016,3.7197774843611335,3437.0,3433.280222515639,ROCE variance
JINDALSTEL,Mar 2017,5.199006348330113,4709.0,4703.80099365167,ROCE variance
JINDALSTEL,Mar 2018,7.249803877619635,6469.0,6461.750196122381,ROCE variance
JINDALSTEL,Mar 2019,9.451579195739374,8412.0,8402.54842080426,ROCE variance
JINDALSTEL,Mar 2020,7.6118205522497835,6831.0,6823.38817944775,ROCE variance
JINDALSTEL,Mar 2021,14.045477903391573,10933.0,10918.954522096608,ROCE variance
JINDALSTEL,Mar 2022,20.242941391367882,15515.0,15494.757058608631,ROCE variance
JINDALSTEL,Mar 2023,14.320077203393492,9942.0,9927.679922796606,ROCE variance
JINDALSTEL,Mar 2024,12.967105597640957,10202.0,10189.032894402359,ROCE variance
JIOFIN,Mar 2023,0.03393369877316628,39.0,38.96606630122683,ROCE variance
JIOFIN,Mar 2024,1.076189227062811,1559.0,1557.9238107729373,ROCE variance
JSWENERGY,Mar 2013,13.74521542840318,2801.0,2787.2547845715967,ROCE variance
JSWENERGY,Mar 2014,16.9143629183122,3255.0,3238.0856370816878,ROCE variance
JSWENERGY,Mar 2015,18.66117404737384,3624.0,3605.338825952626,ROCE variance
JSWENERGY,Mar 2016,14.117523389046568,4029.0,4014.8824766109533,ROCE variance
JSWENERGY,Mar 2017,11.7087604353799,3324.0,3312.29123956462,ROCE variance
JSWENERGY,Mar 2018,10.153063133864752,2713.0,2702.8469368661354,ROCE variance
JSWENERGY,Mar 2019,11.012111393967446,2855.0,2843.9878886060324,ROCE variance
JSWENERGY,Mar 2020,11.860735630339738,2957.0,2945.1392643696604,ROCE variance
JSWENERGY,Mar 2021,11.115350860457129,2913.0,2901.884649139543,ROCE variance
JSWENERGY,Mar 2022,11.70610211706102,3572.0,3560.293897882939,ROCE variance
JSWENERGY,Mar 2023,6.778610818514158,3282.0,3275.221389181486,ROCE variance
JSWENERGY,Mar 2024,9.316737929960011,5382.0,5372.68326207004,ROCE variance
JSWSTEEL,Mar 2013,11.322657486133568,6512.0,6500.677342513866,ROCE variance
JSWSTEEL,Mar 2014,11.80963420917053,9169.0,9157.19036579083,ROCE variance
JSWSTEEL,Mar 2015,10.932355756882341,9364.0,9353.067644243118,ROCE variance
JSWSTEEL,Mar 2016,7.8405997045429565,6422.0,6414.159400295457,ROCE variance
JSWSTEEL,Mar 2017,13.985569001761263,12308.0,12294.014430998239,ROCE variance
JSWSTEEL,Mar 2018,16.21833206480374,14916.0,14899.781667935196,ROCE variance
JSWSTEEL,Mar 2019,16.489977961096542,18930.0,18913.510022038903,ROCE variance
JSWSTEEL,Mar 2020,8.961462600515855,11813.0,11804.038537399485,ROCE variance
JSWSTEEL,Mar 2021,13.604644106879185,20178.0,20164.39535589312,ROCE variance
JSWSTEEL,Mar 2022,19.906863119322086,39114.0,39094.09313688068,ROCE variance
JSWSTEEL,Mar 2023,8.772721443533026,18470.0,18461.227278556467,ROCE variance
JSWSTEEL,Mar 2024,12.35508868002352,28157.0,28144.644911319978,ROCE variance
KOTAKBANK,Mar 2013,5.700349635257047,6603.0,6597.299650364743,ROCE variance
KOTAKBANK,Mar 2014,5.771827458939254,7053.0,7047.22817254106,ROCE variance
KOTAKBANK,Mar 2015,6.545694579157237,9718.0,9711.454305420843,ROCE variance
KOTAKBANK,Mar 2016,4.792694473513729,11541.0,11536.207305526486,ROCE variance
KOTAKBANK,Mar 2017,5.3702550436659084,14832.0,14826.629744956334,ROCE variance
KOTAKBANK,Mar 2018,4.976015634253227,16805.0,16800.023984365747,ROCE variance
KOTAKBANK,Mar 2019,4.999860819746389,19758.0,19753.000139180254,ROCE variance
KOTAKBANK,Mar 2020,5.094624446886431,22578.0,22572.905375553113,ROCE variance
KOTAKBANK,Mar 2021,6.225697185363389,29812.0,29805.774302814636,ROCE variance
KOTAKBANK,Mar 2022,5.617403906327196,30699.0,30693.382596093674,ROCE variance
KOTAKBANK,Mar 2023,5.397063327047371,33485.0,33479.60293667295,ROCE variance
KOTAKBANK,Mar 2024,6.129220091524059,47052.0,47045.87077990847,ROCE variance
LICI,Mar 2019,0.17273329133657928,5920.0,5919.827266708663,ROCE variance
LICI,Mar 2020,-0.19849512862610053,-6947.0,6946.801504871374,ROCE variance
LICI,Mar 2021,-0.006580452296421174,-252.0,251.99341954770358,ROCE variance
LICI,Mar 2022,0.07818415306416765,3326.0,3325.9218158469357,ROCE variance
LICI,Mar 2023,0.7471238886349236,34207.0,34206.252876111364,ROCE variance
LICI,Mar 2024,0.6166047817109216,32779.0,32778.38339521829,ROCE variance
LODHA,Mar 2011,5.380882042625027,510.0,504.61911795737495,ROCE variance
LODHA,Mar 2012,7.81182563659905,724.0,716.188174363401,ROCE variance
LODHA,Mar 2015,5.239659975712551,1467.0,1461.7603400242874,ROCE variance
LODHA,Mar 2016,6.862270423808141,2126.0,2119.1377295761918,ROCE variance
LODHA,Mar 2017,4.756712151130235,1614.0,1609.2432878488698,ROCE variance
LODHA,Mar 2018,4.178778167002061,1682.0,1677.821221832998,ROCE variance
LODHA,Mar 2019,6.375340927322316,3179.0,3172.624659072678,ROCE variance
LODHA,Mar 2020,4.710883935812056,1917.0,1912.289116064188,ROCE variance
LODHA,Mar 2021,3.518367762287575,1383.0,1379.4816322377123,ROCE variance
LODHA,Mar 2022,5.6921154046453495,2186.0,2180.3078845953546,ROCE variance
LODHA,Mar 2023,5.275803895506365,2064.0,2058.724196104494,ROCE variance
LODHA,Mar 2024,5.6464256960040675,2665.0,2659.353574303996,ROCE variance
LT,Mar 2013,489.4329896907217,11394.0,10904.567010309278,ROCE variance
LT,Mar 2014,528.357089272318,14086.0,13557.642910727682,ROCE variance
LT,Mar 2015,526.6621893888516,15684.0,15157.337810611149,ROCE variance
LT,Mar 2016,493.65635957921586,15486.0,14992.343640420784,ROCE variance
LT,Mar 2017,376.2734887932986,16620.0,16243.726511206702,ROCE variance
LT,Mar 2018,376.8221847479857,20111.0,19734.177815252013,ROCE variance
LT,Mar 2019,343.12725090036014,22866.0,22522.87274909964,ROCE variance
LT,Mar 2020,278.5365853658536,24553.0,24274.463414634145,ROCE variance
LT,Mar 2021,219.1294601158229,23460.0,23240.870539884178,ROCE variance
LT,Mar 2022,118.18977250631929,24314.0,24195.81022749368,ROCE variance
LT,Mar 2023,115.69353945743369,27166.0,27050.306460542568,ROCE variance
LT,Mar 2024,108.426517571885,29865.0,29756.573482428113,ROCE variance
LTIM,Mar 2013,37.371134020618555,870.0,832.6288659793814,ROCE variance
LTIM,Mar 2014,43.02325581395349,1147.0,1103.9767441860465,ROCE variance
LTIM,Mar 2015,33.74748153122901,1005.0,971.252518468771,ROCE variance
LTIM,Mar 2016,32.77016257570928,1028.0,995.2298374242907,ROCE variance
LTIM,Mar 2017,27.84695494679647,1230.0,1202.1530450532036,ROCE variance
LTIM,Mar 2018,22.24095934045344,1187.0,1164.7590406595466,ROCE variance
LTIM,Mar 2019,28.256302521008404,1883.0,1854.7436974789916,ROCE variance
LTIM,Mar 2020,23.017583664208736,2029.0,2005.9824163357912,ROCE variance
LTIM,Mar 2021,25.453016999813187,2725.0,2699.5469830001866,ROCE variance
LTIM,Mar 2022,25.515263464903754,5249.0,5223.484736535096,ROCE variance
LTIM,Mar 2023,26.012520761466718,6108.0,6081.9874792385335,ROCE variance
LTIM,Mar 2024,23.188353180365958,6387.0,6363.811646819634,ROCE variance
M&M,Mar 2013,11.974097279688957,9116.0,9104.025902720312,ROCE variance
M&M,Mar 2014,11.571413942586673,10170.0,10158.428586057413,ROCE variance
M&M,Mar 2015,9.316987369670256,8793.0,8783.68301263033,ROCE variance
M&M,Mar 2016,10.096943476344991,10082.0,10071.903056523655,ROCE variance
M&M,Mar 2017,9.430315807967672,10735.0,10725.569684192033,ROCE variance
M&M,Mar 2018,9.698685185049388,13226.0,13216.301314814951,ROCE variance
M&M,Mar 2019,9.393473305783592,15207.0,15197.606526694217,ROCE variance
M&M,Mar 2020,6.129764174853364,10158.0,10151.870235825147,ROCE variance
M&M,Mar 2021,6.96316861451918,11487.0,11480.036831385481,ROCE variance
M&M,Mar 2022,8.517414205165093,14683.0,14674.482585794834,ROCE variance
M&M,Mar 2023,9.929852214819638,20285.0,20275.07014778518,ROCE variance
M&M,Mar 2024,10.60488577977352,24892.0,24881.395114220228,ROCE variance
MARUTI,Mar 2013,15.84838463495294,4361.0,4345.151615365047,ROCE variance
MARUTI,Mar 2014,16.869996187571484,5310.0,5293.130003812428,ROCE variance
MARUTI,Mar 2015,19.990138353104967,6892.0,6872.009861646895,ROCE variance
MARUTI,Mar 2016,21.120629125122875,9024.0,9002.879370874876,ROCE variance
MARUTI,Mar 2017,20.055812163202464,10421.0,10400.944187836798,ROCE variance
MARUTI,Mar 2018,20.113530739609615,12118.0,12097.886469260391,ROCE variance
MARUTI,Mar 2019,17.2833716331348,11056.0,11038.716628366865,ROCE variance
MARUTI,Mar 2020,11.559376375180738,7355.0,7343.44062362482,ROCE variance
MARUTI,Mar 2021,7.580979600986327,5411.0,5403.419020399014,ROCE variance
MARUTI,Mar 2022,7.7046720960137165,5752.0,5744.295327903987,ROCE variance
MARUTI,Mar 2023,13.108105408267237,13122.0,13108.891894591732,ROCE variance
MARUTI,Mar 2024,16.15381946853535,18626.0,18609.846180531466,ROCE variance
MOTHERSON,Mar 2013,11.617866394536462,1480.0,1468.3821336054637,ROCE variance
MOTHERSON,Mar 2014,15.724219364996065,2397.0,2381.275780635004,ROCE variance
MOTHERSON,Mar 2015,16.321377331420372,2844.0,2827.6786226685795,ROCE variance
MOTHERSON,Mar 2016,18.042206966692092,3548.0,3529.957793033308,ROCE variance
MOTHERSON,Mar 2017,13.057225144002004,4171.0,4157.942774855998,ROCE variance
MOTHERSON,Mar 2018,13.869205387569645,5128.0,5114.130794612431,ROCE variance
MOTHERSON,Mar 2019,12.508771109135989,5348.0,5335.491228890864,ROCE variance
MOTHERSON,Mar 2020,10.334643483667532,4654.0,4643.665356516332,ROCE variance
MOTHERSON,Mar 2021,9.152024126159711,4370.0,4360.84797587384,ROCE variance
MOTHERSON,Mar 2022,8.459247030111618,4714.0,4705.540752969889,ROCE variance
MOTHERSON,Mar 2023,10.19240176096527,6251.0,6240.807598239035,ROCE variance
MOTHERSON,Mar 2024,11.074152391361164,9322.0,9310.92584760864,ROCE variance
NAUKRI,Mar 2013,14.666666666666666,121.0,106.33333333333333,ROCE variance
NAUKRI,Mar 2014,9.150943396226415,97.0,87.84905660377359,ROCE variance
NAUKRI,Mar 2015,0.9472259810554804,21.0,20.05277401894452,ROCE variance
NAUKRI,Mar 2016,4.7272727272727275,91.0,86.27272727272727,ROCE variance
NAUKRI,Mar 2017,-0.438382854359474,-9.0,8.561617145640525,ROCE variance
NAUKRI,Mar 2018,8.436055469953775,219.0,210.56394453004623,ROCE variance
NAUKRI,Mar 2019,0.28222013170272814,9.0,8.717779868297272,ROCE variance
NAUKRI,Mar 2020,-12.098167991704113,-350.0,337.9018320082959,ROCE variance
NAUKRI,Mar 2021,1.1760966306420853,74.0,72.82390336935792,ROCE variance
NAUKRI,Mar 2022,2.177415417663428,446.0,443.82258458233656,ROCE variance
NAUKRI,Mar 2023,2.0890863248889424,348.0,345.91091367511103,ROCE variance
NAUKRI,Mar 2024,1.9701294023109537,711.0,709.0298705976891,ROCE variance
NESTLEIND,Dec 2013,30.85207475451378,1948.0,1917.1479252454862,ROCE variance
NESTLEIND,Dec 2014,35.034364261168385,2039.0,2003.9656357388317,ROCE variance
NESTLEIND,Dec 2015,25.550443641143612,1555.0,1529.4495563588564,ROCE variance
NESTLEIND,Dec 2016,27.165932452276063,1850.0,1822.8340675477239,ROCE variance
NESTLEIND,Dec 2017,28.480239033002853,2097.0,2068.519760966997,ROCE variance
NESTLEIND,Dec 2018,32.368941641938676,2618.0,2585.631058358061,ROCE variance
NESTLEIND,Dec 2019,40.791858357730376,2926.0,2885.2081416422698,ROCE variance
NESTLEIND,Dec 2020,40.53164556962025,3202.0,3161.46835443038,ROCE variance
NESTLEIND,Dec 2021,43.25965508865679,3562.0,3518.740344911343,ROCE variance
NESTLEIND,Dec 2022,41.27408397371645,3706.0,3664.7259160262834,ROCE variance
NESTLEIND,Dec 2023,49.793963693061585,4471.0,4421.206036306939,ROCE variance
NESTLEIND,Mar 2024,55.24090088377839,5813.0,5757.7590991162215,ROCE variance
NHPC,Mar 2013,6.658007408476452,4152.0,4145.341992591523,ROCE variance
NHPC,Mar 2014,7.068552916469955,4342.0,4334.93144708353,ROCE variance
NHPC,Mar 2015,8.356663845302428,5134.0,5125.643336154698,ROCE variance
NHPC,Mar 2016,7.613453671426069,4783.0,4775.386546328574,ROCE variance
NHPC,Mar 2017,8.114709156462359,4884.0,4875.885290843537,ROCE variance
NHPC,Mar 2018,6.75003575230801,4248.0,4241.249964247692,ROCE variance
NHPC,Mar 2019,7.463961398987023,4981.0,4973.536038601013,ROCE variance
NHPC,Mar 2020,7.640613381595745,5446.0,5438.359386618405,ROCE variance
NHPC,Mar 2021,7.215324874206957,5277.0,5269.784675125793,ROCE variance
NHPC,Mar 2022,5.1922678811717216,4013.0,4007.8077321188284,ROCE variance
NHPC,Mar 2023,7.17309856050852,6184.0,6176.826901439492,ROCE variance
NHPC,Mar 2024,5.152362884122748,4807.0,4801.847637115878,ROCE variance
NTPC,Mar 2013,10.15181008636506,18149.0,18138.848189913635,ROCE variance
NTPC,Mar 2014,9.857683966459788,19727.0,19717.14231603354,ROCE variance
NTPC,Mar 2015,7.8976114185843285,17352.0,17344.102388581417,ROCE variance
NTPC,Mar 2016,8.264749738499544,18568.0,18559.7352502615,ROCE variance
NTPC,Mar 2017,8.687817024066677,21598.0,21589.312182975933,ROCE variance
NTPC,Mar 2018,7.959517437661952,22485.0,22477.040482562337,ROCE variance
NTPC,Mar 2019,6.546121185392724,22710.0,22703.453878814606,ROCE variance
NTPC,Mar 2020,8.365623237077196,31586.0,31577.634376762922,ROCE variance
NTPC,Mar 2021,8.553296048962117,34044.0,34035.446703951035,ROCE variance
NTPC,Mar 2022,9.706347049642764,40362.0,40352.29365295036,ROCE variance
NTPC,Mar 2023,10.643374501608939,47596.0,47585.35662549839,ROCE variance
NTPC,Mar 2024,10.736148957390073,51456.0,51445.26385104261,ROCE variance
ONGC,Mar 2013,17.165303996464424,43501.0,43483.834696003534,ROCE variance
ONGC,Mar 2014,15.118039485992812,49130.0,49114.88196051401,ROCE variance
ONGC,Mar 2015,12.524012348785101,42312.0,42299.47598765122,ROCE variance
ONGC,Mar 2016,11.450616200273867,39135.0,39123.54938379973,ROCE variance
ONGC,Mar 2017,11.8787469771104,52804.0,52792.12125302289,ROCE variance
ONGC,Mar 2018,12.387856246951431,56889.0,56876.612143753046,ROCE variance
ONGC,Mar 2019,15.196519499617137,74819.0,74803.80348050038,ROCE variance
ONGC,Mar 2020,10.249545601183405,52105.0,52094.75045439882,ROCE variance
ONGC,Mar 2021,9.132105702282242,49473.0,49463.86789429772,ROCE variance
ONGC,Mar 2022,13.694407296917326,79874.0,79860.30559270308,ROCE variance
ONGC,Mar 2023,12.318569925707248,75527.0,75514.6814300743,ROCE variance
ONGC,Mar 2024,14.488414622119153,102835.0,102820.51158537788,ROCE variance
PFC,Mar 2013,3.535699521644127,5987.0,5983.464300478356,ROCE variance
PFC,Mar 2014,3.9146768217373404,7607.0,7603.085323178263,ROCE variance
PFC,Mar 2015,3.6822010204794857,8429.0,8425.31779897952,ROCE variance
PFC,Mar 2016,3.7060108405468815,9162.0,9158.293989159452,ROCE variance
PFC,Mar 2017,2.0324655058816274,5275.0,5272.967534494119,ROCE variance
PFC,Mar 2018,2.249053166223631,11752.0,11749.750946833776,ROCE variance
PFC,Mar 2019,2.827774941999049,17783.0,17780.172225058002,ROCE variance
PFC,Mar 2020,2.017505590183738,14012.0,14009.982494409816,ROCE variance
PFC,Mar 2021,2.561663102176466,19871.0,19868.438336897823,ROCE variance
PFC,Mar 2022,2.950442477876106,23338.0,23335.049557522125,ROCE variance
PFC,Mar 2023,2.957331226453836,26501.0,26498.042668773545,ROCE variance
PFC,Mar 2024,3.231662651112692,33573.0,33569.76833734889,ROCE variance
PIDILITIND,Mar 2013,21.3302752293578,558.0,536.6697247706422,ROCE variance
PIDILITIND,Mar 2014,22.950819672131146,672.0,649.0491803278688,ROCE variance
PIDILITIND,Mar 2015,23.257918552036198,771.0,747.7420814479638,ROCE variance
PIDILITIND,Mar 2016,31.583198707592892,1173.0,1141.4168012924072,ROCE variance
PIDILITIND,Mar 2017,26.457023060796647,1262.0,1235.5429769392033,ROCE variance
PIDILITIND,Mar 2018,25.7934218118869,1341.0,1315.206578188113,ROCE variance
PIDILITIND,Mar 2019,23.221544715447155,1371.0,1347.7784552845528,ROCE variance
PIDILITIND,Mar 2020,24.160662271960753,1576.0,1551.8393377280393,ROCE variance
PIDILITIND,Mar 2021,19.128658951667802,1686.0,1666.8713410483322,ROCE variance
PIDILITIND,Mar 2022,19.54918896144934,1856.0,1836.4508110385507,ROCE variance
PIDILITIND,Mar 2023,18.905283198476916,1986.0,1967.0947168015232,ROCE variance
PIDILITIND,Mar 2024,22.42464392182842,2708.0,2685.5753560781714,ROCE variance
POWERGRID,Mar 2013,9.557785930995555,10837.0,10827.442214069004,ROCE variance
POWERGRID,Mar 2013,9.557785930995555,10837.0,10827.442214069004,ROCE variance
POWERGRID,Mar 2014,9.16525303929884,12967.0,12957.834746960702,ROCE variance
POWERGRID,Mar 2014,9.16525303929884,12967.0,12957.834746960702,ROCE variance
POWERGRID,Mar 2015,9.283883968554086,14927.0,14917.716116031446,ROCE variance
POWERGRID,Mar 2015,9.283883968554086,14927.0,14917.716116031446,ROCE variance
POWERGRID,Mar 2016,10.140983314000177,18184.0,18173.859016686,ROCE variance
POWERGRID,Mar 2016,10.140983314000177,18184.0,18173.859016686,ROCE variance
POWERGRID,Mar 2017,11.47386820128589,22450.0,22438.526131798713,ROCE variance
POWERGRID,Mar 2017,11.47386820128589,22450.0,22438.526131798713,ROCE variance
POWERGRID,Mar 2018,11.52009726918537,25961.0,25949.479902730815,ROCE variance
POWERGRID,Mar 2018,11.52009726918537,25961.0,25949.479902730815,ROCE variance
POWERGRID,Mar 2019,10.882043819225483,26920.0,26909.117956180773,ROCE variance
POWERGRID,Mar 2019,10.882043819225483,26920.0,26909.117956180773,ROCE variance
POWERGRID,Mar 2020,12.81251095760721,32886.0,32873.18748904239,ROCE variance
POWERGRID,Mar 2020,12.81251095760721,32886.0,32873.18748904239,ROCE variance
POWERGRID,Mar 2021,13.650726610039577,34906.0,34892.34927338996,ROCE variance
POWERGRID,Mar 2021,13.650726610039577,34906.0,34892.34927338996,ROCE variance
POWERGRID,Mar 2022,14.276150627615063,35826.0,35811.723849372385,ROCE variance
POWERGRID,Mar 2022,14.276150627615063,35826.0,35811.723849372385,ROCE variance
POWERGRID,Mar 2023,15.690752304490038,39576.0,39560.30924769551,ROCE variance
POWERGRID,Mar 2023,15.690752304490038,39576.0,39560.30924769551,ROCE variance
POWERGRID,Mar 2024,15.877749383045819,39826.0,39810.12225061695,ROCE variance
POWERGRID,Mar 2024,15.877749383045819,39826.0,39810.12225061695,ROCE variance
RECLTD,Mar 2013,10.163130887646474,13270.0,13259.836869112354,ROCE variance
RECLTD,Mar 2014,10.886337483000313,16650.0,16639.113662517,ROCE variance
RECLTD,Mar 2015,10.572017268445839,19395.0,19384.427982731555,ROCE variance
RECLTD,Mar 2016,10.845876923820338,22445.0,22434.15412307618,ROCE variance
RECLTD,Mar 2017,10.678018502223596,22450.0,22439.321981497775,ROCE variance
RECLTD,Mar 2018,7.954367289681066,19279.0,19271.04563271032,ROCE variance
RECLTD,Mar 2019,7.942597519215691,23705.0,23697.057402480783,ROCE variance
RECLTD,Mar 2020,7.4809094314612565,25961.0,25953.519090568538,ROCE variance
RECLTD,Mar 2021,8.048804216859956,32265.0,32256.95119578314,ROCE variance
RECLTD,Mar 2022,8.381930584627368,34438.0,34429.61806941537,ROCE variance
RECLTD,Mar 2023,8.083299140929274,37628.0,37619.916700859074,ROCE variance
RECLTD,Mar 2024,8.734729318795821,47883.0,47874.26527068121,ROCE variance
RELIANCE,Mar 2013,9.14981634134293,33155.0,33145.85018365866,ROCE variance
RELIANCE,Mar 2014,8.146337937193799,34935.0,34926.85366206281,ROCE variance
RELIANCE,Mar 2015,7.423199058051165,37449.0,37441.57680094195,ROCE variance
RELIANCE,Mar 2016,6.9751601427052226,41781.0,41774.024839857295,ROCE variance
RELIANCE,Mar 2017,6.551622660943234,46307.0,46300.44837733906,ROCE variance
RELIANCE,Mar 2018,7.927664300426613,64315.0,64307.07233569957,ROCE variance
RELIANCE,Mar 2019,8.445014684802983,84250.0,84241.5549853152,ROCE variance
RELIANCE,Mar 2020,7.675395416224211,89266.0,89258.32460458377,ROCE variance
RELIANCE,Mar 2021,6.120153174275509,80790.0,80783.87984682573,ROCE variance
RELIANCE,Mar 2022,7.245389431090696,108581.0,108573.75461056891,ROCE variance
RELIANCE,Mar 2023,8.86229498805018,142318.0,142309.13770501196,ROCE variance
RELIANCE,Mar 2024,9.258892064490544,162498.0,162488.74110793552,ROCE variance
SBILIFE,Mar 2013,0.7949510369736009,427.0,426.2050489630264,ROCE variance
SBILIFE,Mar 2014,0.8426781002638523,511.0,510.15732189973613,ROCE variance
SBILIFE,Mar 2015,1.071221381254975,794.0,792.928778618745,ROCE variance
SBILIFE,Mar 2016,1.1027340612976304,920.0,918.8972659387024,ROCE variance
SBILIFE,Mar 2017,1.0446009389671362,1068.0,1066.955399061033,ROCE variance
SBILIFE,Mar 2018,1.0943148209004272,1332.0,1330.9056851790995,ROCE variance
SBILIFE,Mar 2019,1.0045388253574494,1474.0,1472.9954611746425,ROCE variance
SBILIFE,Mar 2020,0.8159197970769416,1351.0,1350.184080202923,ROCE variance
SBILIFE,Mar 2021,0.384428867433761,872.0,871.6155711325663,ROCE variance
SBILIFE,Mar 2022,0.2670695880908915,730.0,729.7329304119091,ROCE variance
SBILIFE,Mar 2023,0.03877952568189982,122.0,121.9612204743181,ROCE variance
SBILIFE,Mar 2024,0.0617626456506293,246.0,245.93823735434938,ROCE variance
SHREECEM,Jun 2013,25.340909090909093,1561.0,1535.659090909091,ROCE variance
SHREECEM,Jun 2014,18.96575249010779,1390.0,1371.034247509892,ROCE variance
SHREECEM,Jun 2015,16.804201050262566,1344.0,1327.1957989497375,ROCE variance
SHREECEM,Mar 2017,22.505821243059287,2513.0,2490.4941787569405,ROCE variance
SHREECEM,Mar 2018,16.33205653150178,2473.0,2456.6679434684984,ROCE variance
SHREECEM,Mar 2019,18.053314400051637,2797.0,2778.9466855999485,ROCE variance
SHREECEM,Mar 2020,18.907942238267147,3771.0,3752.092057761733,ROCE variance
SHREECEM,Mar 2021,19.01640868312183,4091.0,4071.983591316878,ROCE variance
SHREECEM,Mar 2022,15.621710387805802,3710.0,3694.3782896121943,ROCE variance
SHREECEM,Mar 2023,11.240221766537555,2960.0,2948.7597782334624,ROCE variance
SHREECEM,Mar 2024,16.17905102954342,4518.0,4501.820948970457,ROCE variance
SHRIRAMFIN,Mar 2013,4.609298980412066,2179.0,2174.390701019588,ROCE variance
SHRIRAMFIN,Mar 2014,3.8198425437590764,1999.0,1995.180157456241,ROCE variance
SHRIRAMFIN,Mar 2015,2.7206615825208353,1691.0,1688.2793384174793,ROCE variance
SHRIRAMFIN,Mar 2016,2.6818402364253893,1824.0,1821.3181597635746,ROCE variance
SHRIRAMFIN,Mar 2017,2.6488998737339817,1972.0,1969.351100126266,ROCE variance
SHRIRAMFIN,Mar 2018,3.908175842235004,3805.0,3801.091824157765,ROCE variance
SHRIRAMFIN,Mar 2019,3.6056118915944944,3801.0,3797.3943881084056,ROCE variance
SHRIRAMFIN,Mar 2020,3.1199131850244166,3565.0,3561.8800868149756,ROCE variance
SHRIRAMFIN,Mar 2021,2.6187360480332535,3402.0,3399.381263951967,ROCE variance
SHRIRAMFIN,Mar 2022,2.5768268338628504,3666.0,3663.423173166137,ROCE variance
SHRIRAMFIN,Mar 2023,4.17859839580573,8799.0,8794.821401604195,ROCE variance
SHRIRAMFIN,Mar 2024,4.238598922123852,10523.0,10518.761401077876,ROCE variance
SIEMENS,Sep 2011,11.527859814924197,1171.0,1159.472140185076,ROCE variance
SIEMENS,Sep 2014,1.1564625850340136,119.0,117.843537414966,ROCE variance
SIEMENS,Sep 2015,9.436459909228443,998.0,988.5635400907715,ROCE variance
SIEMENS,Sep 2016,8.518271316535959,1021.0,1012.4817286834641,ROCE variance
SIEMENS,Sep 2017,8.037753082660984,1056.0,1047.962246917339,ROCE variance
SIEMENS,Sep 2018,9.256417410714286,1327.0,1317.7435825892858,ROCE variance
SIEMENS,Sep 2019,9.701784086469592,1490.0,1480.2982159135304,ROCE variance
SIEMENS,Sep 2020,6.324085750315259,1003.0,996.6759142496848,ROCE variance
SIEMENS,Sep 2021,8.059950041631973,1452.0,1443.940049958368,ROCE variance
SIEMENS,Sep 2022,9.249589735939132,1860.0,1850.750410264061,ROCE variance
SIEMENS,Sep 2023,11.489420678185345,2487.0,2475.5105793218145,ROCE variance
SIEMENS,Sep 2024,12.2692596545318,3104.0,3091.7307403454683,ROCE variance
SUNPHARMA,Mar 2013,23.477450066251166,4784.0,4760.522549933748,ROCE variance
SUNPHARMA,Mar 2014,24.06942773672452,7003.0,6978.930572263275,ROCE variance
SUNPHARMA,Mar 2015,16.20179381400981,7894.0,7877.79820618599,ROCE variance
SUNPHARMA,Mar 2016,14.747059248033484,8174.0,8159.252940751967,ROCE variance
SUNPHARMA,Mar 2017,16.53490465668222,10102.0,10085.465095343317,ROCE variance
SUNPHARMA,Mar 2018,8.757795853616809,5631.0,5622.242204146383,ROCE variance
SUNPHARMA,Mar 2019,9.873045363059298,6377.0,6367.12695463694,ROCE variance
SUNPHARMA,Mar 2020,10.23990380385371,6983.0,6972.760096196146,ROCE variance
SUNPHARMA,Mar 2021,12.525509449587414,8470.0,8457.474490550412,ROCE variance
SUNPHARMA,Mar 2022,14.701329970190324,10258.0,10243.29867002981,ROCE variance
SUNPHARMA,Mar 2023,14.434037070076322,11650.0,11635.565962929924,ROCE variance
SUNPHARMA,Mar 2024,15.259999062221596,13018.0,13002.740000937778,ROCE variance
TATACONSUM,Mar 2013,8.755969979531498,770.0,761.2440300204685,ROCE variance
TATACONSUM,Mar 2014,7.587529008172737,752.0,744.4124709918273,ROCE variance
TATACONSUM,Mar 2015,8.373863396066822,792.0,783.6261366039332,ROCE variance
TATACONSUM,Mar 2016,3.698837796867105,366.0,362.3011622031329,ROCE variance
TATACONSUM,Mar 2017,8.281855303109623,791.0,782.7181446968904,ROCE variance
TATACONSUM,Mar 2018,8.020265748972372,839.0,830.9797342510276,ROCE variance
TATACONSUM,Mar 2019,7.2236007719878685,786.0,778.7763992280121,ROCE variance
TATACONSUM,Mar 2020,6.993991230444433,1292.0,1285.0060087695556,ROCE variance
TATACONSUM,Mar 2021,7.63675932337521,1544.0,1536.3632406766249,ROCE variance
TATACONSUM,Mar 2022,8.156583629893237,1719.0,1710.8434163701068,ROCE variance
TATACONSUM,Mar 2023,8.153940778490467,1856.0,1847.8460592215094,ROCE variance
TATACONSUM,Mar 2024,8.192546361060296,2284.0,2275.8074536389395,ROCE variance
TATAMOTORS,Mar 2013,14.611774490583972,24596.0,24581.388225509418,ROCE variance
TATAMOTORS,Mar 2014,15.956433757885966,34853.0,34837.043566242115,ROCE variance
TATAMOTORS,Mar 2015,16.534563765459414,39239.0,39222.46543623454,ROCE variance
TATAMOTORS,Mar 2016,14.588652805641681,38395.0,38380.41134719436,ROCE variance
TATAMOTORS,Mar 2017,10.855161787365176,29589.0,29578.144838212636,ROCE variance
TATAMOTORS,Mar 2018,9.614538252769016,31458.0,31448.38546174723,ROCE variance
TATAMOTORS,Mar 2019,8.067961387359626,24664.0,24655.932038612642,ROCE variance
TATAMOTORS,Mar 2020,5.617795045896202,17987.0,17981.382204954105,ROCE variance
TATAMOTORS,Mar 2021,9.452528032321341,32287.0,32277.54747196768,ROCE variance
TATAMOTORS,Mar 2022,7.512284956284701,24720.0,24712.487715043717,ROCE variance
TATAMOTORS,Mar 2023,9.506564597190101,31816.0,31806.49343540281,ROCE variance
TATAMOTORS,Mar 2024,16.112210131494557,59538.0,59521.8877898685,ROCE variance
TATAPOWER,Mar 2013,8.318836701012534,5595.0,5586.6811632989875,ROCE variance
TATAPOWER,Mar 2014,9.688581314878892,6916.0,6906.311418685121,ROCE variance
TATAPOWER,Mar 2015,8.380661036110926,6301.0,6292.619338963889,ROCE variance
TATAPOWER,Mar 2016,3.004696175970995,2105.0,2101.995303824029,ROCE variance
TATAPOWER,Mar 2017,6.607589129411197,5473.0,5466.392410870589,ROCE variance
TATAPOWER,Mar 2018,2.802471547892346,2295.0,2292.1975284521077,ROCE variance
TATAPOWER,Mar 2019,3.6515885004698294,3070.0,3066.3484114995304,ROCE variance
TATAPOWER,Mar 2020,7.588598701964895,6805.0,6797.411401298035,ROCE variance
TATAPOWER,Mar 2021,7.01535654553748,6921.0,6913.9846434544625,ROCE variance
TATAPOWER,Mar 2022,6.2470013327410046,7031.0,7024.752998667259,ROCE variance
TATAPOWER,Mar 2023,6.032975268548588,7728.0,7721.967024731452,ROCE variance
TATAPOWER,Mar 2024,7.720022437326506,10735.0,10727.279977562674,ROCE variance
TATASTEEL,Mar 2013,2.699556088128762,3965.0,3962.3004439118713,ROCE variance
TATASTEEL,Mar 2014,9.431015594042098,16184.0,16174.568984405958,ROCE variance
TATASTEEL,Mar 2015,2.1425563607338365,3409.0,3406.857443639266,ROCE variance
TATASTEEL,Mar 2016,-0.3533389113769476,-625.0,624.6466610886231,ROCE variance
TATASTEEL,Mar 2017,7.62205199278619,13144.0,13136.377948007213,ROCE variance
TATASTEEL,Mar 2018,10.26868274547005,21433.0,21422.73131725453,ROCE variance
TATASTEEL,Mar 2019,12.595103383983538,29318.0,29305.404896616015,ROCE variance
TATASTEEL,Mar 2020,7.009058836278692,17463.0,17455.99094116372,ROCE variance
TATASTEEL,Mar 2021,12.506303580433686,30504.0,30491.493696419566,ROCE variance
TATASTEEL,Mar 2022,22.480543300451096,63490.0,63467.51945669955,ROCE variance
TATASTEEL,Mar 2023,11.317607815106028,32300.0,32288.682392184895,ROCE variance
TATASTEEL,Mar 2024,8.261050380228136,22248.0,22239.738949619772,ROCE variance
TCS,Mar 2013,34.73773395979357,18040.0,18005.262266040205,ROCE variance
TCS,Mar 2014,37.63785183079202,25153.0,25115.362148169206,ROCE variance
TCS,Mar 2015,33.39152731934859,24482.0,24448.60847268065,ROCE variance
TCS,Mar 2016,34.74533078116682,30677.0,30642.254669218833,ROCE variance
TCS,Mar 2017,31.57436994908778,32311.0,32279.42563005091,ROCE variance
TCS,Mar 2018,30.930502444685427,32516.0,32485.069497555316,ROCE variance
TCS,Mar 2019,34.68450672074872,39506.0,39471.31549327925,ROCE variance
TCS,Mar 2020,35.05373479733948,42109.0,42073.94626520266,ROCE variance
TCS,Mar 2021,35.80681888116192,46546.0,46510.19318111884,ROCE variance
TCS,Mar 2022,37.64937129232778,53057.0,53019.350628707674,ROCE variance
TCS,Mar 2023,41.48076075011025,59259.0,59217.51923924989,ROCE variance
TCS,Mar 2024,44.19819621645403,64296.0,64251.80180378354,ROCE variance
TECHM,Mar 2013,15.82813891362422,1422.0,1406.1718610863759,ROCE variance
TECHM,Mar 2013,15.82813891362422,1422.0,1406.1718610863759,ROCE variance
TECHM,Mar 2014,26.17314930991217,4172.0,4145.826850690088,ROCE variance
TECHM,Mar 2014,26.17314930991217,4172.0,4145.826850690088,ROCE variance
TECHM,Mar 2015,21.125554212011284,4193.0,4171.874445787988,ROCE variance
TECHM,Mar 2015,21.125554212011284,4193.0,4171.874445787988,ROCE variance
TECHM,Mar 2016,18.91231964483907,4260.0,4241.087680355161,ROCE variance
TECHM,Mar 2016,18.91231964483907,4260.0,4241.087680355161,ROCE variance
TECHM,Mar 2017,16.05710557623671,4184.0,4167.942894423763,ROCE variance
TECHM,Mar 2017,16.05710557623671,4184.0,4167.942894423763,ROCE variance
TECHM,Mar 2018,15.477637935000493,4710.0,4694.5223620649995,ROCE variance
TECHM,Mar 2018,15.477637935000493,4710.0,4694.5223620649995,ROCE variance
TECHM,Mar 2019,18.749626263230283,6271.0,6252.25037373677,ROCE variance
TECHM,Mar 2019,18.749626263230283,6271.0,6252.25037373677,ROCE variance
TECHM,Mar 2020,14.746235060828555,5503.0,5488.253764939172,ROCE variance
TECHM,Mar 2020,14.746235060828555,5503.0,5488.253764939172,ROCE variance
TECHM,Mar 2021,17.160749457098127,6796.0,6778.839250542902,ROCE variance
TECHM,Mar 2021,17.160749457098127,6796.0,6778.839250542902,ROCE variance
TECHM,Mar 2022,18.056556195965417,8020.0,8001.943443804034,ROCE variance
TECHM,Mar 2022,18.056556195965417,8020.0,8001.943443804034,ROCE variance
TECHM,Mar 2023,16.9397953171711,7763.0,7746.060204682829,ROCE variance
TECHM,Mar 2023,16.9397953171711,7763.0,7746.060204682829,ROCE variance
TECHM,Mar 2024,10.442883960230828,4506.0,4495.557116039769,ROCE variance
TECHM,Mar 2024,10.442883960230828,4506.0,4495.557116039769,ROCE variance
TITAN,Mar 2013,17.2331747110809,1014.0,996.7668252889191,ROCE variance
TITAN,Mar 2014,17.133038782523318,1047.0,1029.8669612174767,ROCE variance
TITAN,Mar 2015,19.648943421949557,1153.0,1133.3510565780505,ROCE variance
TITAN,Mar 2016,14.80605487228004,939.0,924.19394512772,ROCE variance
TITAN,Mar 2017,13.84395813510942,1164.0,1150.1560418648905,ROCE variance
TITAN,Mar 2018,17.267093792668835,1644.0,1626.732906207331,ROCE variance
TITAN,Mar 2019,17.02818104184458,1994.0,1976.9718189581554,ROCE variance
TITAN,Mar 2020,18.185174246898995,2463.0,2444.814825753101,ROCE variance
TITAN,Mar 2021,10.490148382388712,1725.0,1714.5098516176113,ROCE variance
TITAN,Mar 2022,15.782518406645272,3344.0,3328.217481593355,ROCE variance
TITAN,Mar 2023,18.068097705403403,4882.0,4863.9319022945965,ROCE variance
TITAN,Mar 2024,16.77497067866992,5292.0,5275.22502932133,ROCE variance
TORNTPHARM,Mar 2013,18.571809219291232,697.0,678.4281907807087,ROCE variance
TORNTPHARM,Mar 2014,19.0163281561131,955.0,935.9836718438869,ROCE variance
TORNTPHARM,Mar 2015,13.043478260869565,1020.0,1006.9565217391304,ROCE variance
TORNTPHARM,Mar 2016,30.756245779878462,2733.0,2702.2437542201214,ROCE variance
TORNTPHARM,Mar 2017,14.342256014998437,1377.0,1362.6577439850016,ROCE variance
TORNTPHARM,Mar 2018,9.471319244541178,1349.0,1339.528680755459,ROCE variance
TORNTPHARM,Mar 2019,14.05087507971374,1983.0,1968.9491249202863,ROCE variance
TORNTPHARM,Mar 2020,15.488936473947183,2170.0,2154.511063526053,ROCE variance
TORNTPHARM,Mar 2021,17.619893428063943,2480.0,2462.3801065719363,ROCE variance
TORNTPHARM,Mar 2022,18.836200216953355,2431.0,2412.1637997830467,ROCE variance
TORNTPHARM,Mar 2023,19.45242984257358,2842.0,2822.5475701574264,ROCE variance
TORNTPHARM,Mar 2024,23.219579455360222,3368.0,3344.7804205446396,ROCE variance
TRENT,Mar 2014,-0.5165289256198348,-10.0,9.483471074380166,ROCE variance
TRENT,Mar 2015,3.9873130946986857,88.0,84.01268690530131,ROCE variance
TRENT,Mar 2016,4.172461752433936,90.0,85.82753824756607,ROCE variance
TRENT,Mar 2017,6.0306030603060305,134.0,127.96939693969397,ROCE variance
TRENT,Mar 2018,8.904109589041095,208.0,199.0958904109589,ROCE variance
TRENT,Mar 2019,9.417741305197342,241.0,231.58225869480265,ROCE variance
TRENT,Mar 2020,9.605956055928818,529.0,519.3940439440712,ROCE variance
TRENT,Mar 2021,1.9916142557651992,114.0,112.0083857442348,ROCE variance
TRENT,Mar 2022,7.7012684442143415,595.0,587.2987315557857,ROCE variance
TRENT,Mar 2023,13.78371690175699,1114.0,1100.216283098243,ROCE variance
TRENT,Mar 2024,27.520245741413014,1971.0,1943.479754258587,ROCE variance
TVSMOTOR,Mar 2013,12.9547471162378,438.0,425.0452528837622,ROCE variance
TVSMOTOR,Mar 2014,13.54625550660793,492.0,478.4537444933921,ROCE variance
TVSMOTOR,Mar 2015,13.238512035010942,605.0,591.7614879649891,ROCE variance
TVSMOTOR,Mar 2016,15.915273999222698,819.0,803.0847260007773,ROCE variance
TVSMOTOR,Mar 2017,14.213446475195823,871.0,856.7865535248042,ROCE variance
TVSMOTOR,Mar 2018,11.910538286580744,1571.0,1559.0894617134193,ROCE variance
TVSMOTOR,Mar 2019,12.955198850023958,2163.0,2150.044801149976,ROCE variance
TVSMOTOR,Mar 2020,11.747613117476131,2264.0,2252.2523868825238,ROCE variance
TVSMOTOR,Mar 2021,10.20809512920192,2232.0,2221.791904870798,ROCE variance
TVSMOTOR,Mar 2022,10.234406924477135,2755.0,2744.7655930755227,ROCE variance
TVSMOTOR,Mar 2023,11.497501784439686,4027.0,4015.5024982155605,ROCE variance
TVSMOTOR,Mar 2024,13.0877593755949,5500.0,5486.912240624405,ROCE variance
ULTRACEMCO,Mar 2013,16.357920356973835,4839.0,4822.642079643027,ROCE variance
ULTRACEMCO,Mar 2014,12.536896069597638,4035.0,4022.463103930402,ROCE variance
ULTRACEMCO,Mar 2015,11.628518119464957,4425.0,4413.371481880535,ROCE variance
ULTRACEMCO,Mar 2016,11.897652513776613,4901.0,4889.102347486223,ROCE variance
ULTRACEMCO,Mar 2017,12.348077424246014,5212.0,5199.651922575754,ROCE variance
ULTRACEMCO,Mar 2018,10.754099508234019,6145.0,6134.245900491766,ROCE variance
ULTRACEMCO,Mar 2019,9.600784057497549,7347.0,7337.399215942502,ROCE variance
ULTRACEMCO,Mar 2020,11.672179160249451,9246.0,9234.327820839751,ROCE variance
ULTRACEMCO,Mar 2021,13.423691050872632,11568.0,11554.576308949127,ROCE variance
ULTRACEMCO,Mar 2022,13.738053477467158,11514.0,11500.261946522533,ROCE variance
ULTRACEMCO,Mar 2023,11.621799080761654,10620.0,10608.378200919238,ROCE variance
ULTRACEMCO,Mar 2024,12.866454358760675,12969.0,12956.13354564124,ROCE variance
UNIONBANK,Mar 2013,0.10386306693255612,325.0,324.89613693306745,ROCE variance
UNIONBANK,Mar 2014,-0.25407520287989455,-902.0,901.7459247971201,ROCE variance
UNIONBANK,Mar 2015,-0.25367211900950554,-973.0,972.7463278809905,ROCE variance
UNIONBANK,Mar 2016,-0.47328562836768007,-1928.0,1927.5267143716324,ROCE variance
UNIONBANK,Mar 2017,-1.05995202784404,-4830.0,4828.940047972156,ROCE variance
UNIONBANK,Mar 2018,-2.382309822446653,-11700.0,11697.617690177553,ROCE variance
UNIONBANK,Mar 2019,-1.7250958219426733,-8601.0,8599.274904178057,ROCE variance
UNIONBANK,Mar 2020,-1.7142836569704543,-9523.0,9521.285716343029,ROCE variance
UNIONBANK,Mar 2021,-1.0228413944494386,-11071.0,11069.97715860555,ROCE variance
UNIONBANK,Mar 2022,-0.35291673577568805,-4213.0,4212.647083264224,ROCE variance
UNIONBANK,Mar 2023,-0.23471755111355005,-3024.0,3023.7652824488864,ROCE variance
UNIONBANK,Mar 2024,0.327390377718624,4590.0,4589.672609622281,ROCE variance
INDIGO,Mar 2013,32107.69230769231,8348.0,23759.69230769231,ROCE variance
INDIGO,Mar 2014,30525.714285714286,10684.0,19841.714285714286,ROCE variance
INDIGO,Mar 2015,19708.196721311477,12022.0,7686.196721311477,ROCE variance
INDIGO,Mar 2016,6620.408163265306,12976.0,6355.591836734694,ROCE variance
INDIGO,Mar 2017,6651.219512195123,16362.0,9710.780487804877,ROCE variance
INDIGO,Mar 2018,7165.232974910394,19991.0,12825.767025089606,ROCE variance
INDIGO,Mar 2019,7680.428954423593,28648.0,20967.571045576406,ROCE variance
INDIGO,Mar 2020,7508.767772511848,31687.0,24178.23222748815,ROCE variance
INDIGO,Mar 2021,1804.9321824907522,14638.0,12833.067817509247,ROCE variance
INDIGO,Mar 2022,2757.9347826086955,25373.0,22615.065217391304,ROCE variance
INDIGO,Mar 2023,4512.806026365348,47926.0,43413.193973634654,ROCE variance
INDIGO,Mar 2024,4302.209492635025,52573.0,48270.790507364974,ROCE variance
